[32m[2019-01-28 09:01:50,574] [log.py:91] [log:__console] [INFO]- åˆå§‹åŒ–webdriverå¯¹è±¡[0m
[32m[2019-01-28 09:01:51,645] [log.py:91] [log:__console] [INFO]- è¾“å…¥èˆªç­ä¿¡æ¯[0m
[36m[2019-01-28 09:02:01,202] [log.py:93] [log:__console] [DEBUG]- è¾“å…¥å‡ºå‘åœ°[0m
[36m[2019-01-28 09:02:16,407] [log.py:93] [log:__console] [DEBUG]- è¾“å…¥ç›®çš„åœ°[0m
[32m[2019-01-28 09:02:17,649] [log.py:91] [log:__console] [INFO]- é€‰æ‹©å‡ºå‘æ—¥æœŸ[0m
[32m[2019-01-28 09:02:27,657] [log.py:91] [log:__console] [INFO]- æŸ¥è¯¢ä¿¡æ¯å¡«å†™å®Œæ¯•[0m
[32m[2019-01-28 09:02:32,729] [log.py:91] [log:__console] [INFO]- èˆªç­å·å¯¹åº”æ­£ç¡®ï¼Œè¿›è¡Œè´­ä¹°æ“ä½œ[0m
[32m[2019-01-28 09:02:42,735] [log.py:91] [log:__console] [INFO]- ç¡®è®¤èˆªç­ä¿¡æ¯[0m
[31m[2019-01-28 09:04:39,829] [log.py:97] [log:__console] [ERROR]- å®šä½//*[@id="siteContent"]/div[5]/fieldset/div/div[2]/inputæ—¶ï¼Œå¡«å†™25æ—¶å‡ºé”™ï¼Œé”™è¯¯ä¿¡æ¯ï¼šMessage: 
[0m
[31m[2019-01-28 09:05:00,199] [log.py:97] [log:__console] [ERROR]- å®šä½//*[@id="siteContent"]/div[5]/fieldset/div/div[3]/inputæ—¶ï¼Œå¡«å†™10æ—¶å‡ºé”™ï¼Œé”™è¯¯ä¿¡æ¯ï¼šMessage: 
[0m
[31m[2019-01-28 09:05:20,590] [log.py:97] [log:__console] [ERROR]- å®šä½//*[@id="siteContent"]/div[5]/fieldset/div/div[4]/inputæ—¶ï¼Œå¡«å†™1969æ—¶å‡ºé”™ï¼Œé”™è¯¯ä¿¡æ¯ï¼šMessage: 
[0m
[32m[2019-01-28 10:35:28,012] [log.py:91] [log:__console] [INFO]- åˆå§‹åŒ–webdriverå¯¹è±¡[0m
[32m[2019-01-28 10:35:33,487] [log.py:91] [log:__console] [INFO]- è¾“å…¥èˆªç­ä¿¡æ¯[0m
[36m[2019-01-28 10:35:42,230] [log.py:93] [log:__console] [DEBUG]- è¾“å…¥å‡ºå‘åœ°[0m
[31m[2019-01-28 10:36:10,272] [log.py:97] [log:__console] [ERROR]- å®šä½//*[@id="siteContent"]/div[4]/div[4]/ul/li[5]æ—¶ï¼Œç‚¹å‡»clickæ—¶å‡ºé”™ï¼Œé”™è¯¯ä¿¡æ¯ï¼šMessage: 
[0m
[36m[2019-01-28 10:36:10,274] [log.py:93] [log:__console] [DEBUG]- è¾“å…¥ç›®çš„åœ°[0m
[31m[2019-01-28 10:36:10,302] [log.py:97] [log:__console] [ERROR]- å®šä½//*[@id="departuredate"]æ—¶ï¼Œç‚¹å‡»clickæ—¶å‡ºé”™ï¼Œé”™è¯¯ä¿¡æ¯ï¼šMessage: element not interactable
  (Session info: chrome=71.0.3578.98)
  (Driver info: chromedriver=2.44.609545 (c2f88692e98ce7233d2df7c724465ecacfe74df5),platform=Mac OS X 10.14.1 x86_64)
[0m
[31m[2019-01-28 10:36:10,336] [log.py:97] [log:__console] [ERROR]- é€‰æ‹©å‡ºå‘æ—¥æœŸæ—¶å‘ç”Ÿé”™è¯¯ï¼Œé”™è¯¯ä¿¡æ¯ï¼šMessage: no such element: Unable to locate element: {"method":"link text","selector":"1"}
  (Session info: chrome=71.0.3578.98)
  (Driver info: chromedriver=2.44.609545 (c2f88692e98ce7233d2df7c724465ecacfe74df5),platform=Mac OS X 10.14.1 x86_64)
[0m
[31m[2019-01-28 10:36:10,362] [log.py:97] [log:__console] [ERROR]- å®šä½//*[@id="travellers"]æ—¶ï¼Œç‚¹å‡»clickæ—¶å‡ºé”™ï¼Œé”™è¯¯ä¿¡æ¯ï¼šMessage: element not interactable
  (Session info: chrome=71.0.3578.98)
  (Driver info: chromedriver=2.44.609545 (c2f88692e98ce7233d2df7c724465ecacfe74df5),platform=Mac OS X 10.14.1 x86_64)
[0m
[31m[2019-01-28 10:36:10,390] [log.py:97] [log:__console] [ERROR]- å®šä½//*[@id="setTravellerData"]æ—¶ï¼Œç‚¹å‡»clickæ—¶å‡ºé”™ï¼Œé”™è¯¯ä¿¡æ¯ï¼šMessage: element not interactable
  (Session info: chrome=71.0.3578.98)
  (Driver info: chromedriver=2.44.609545 (c2f88692e98ce7233d2df7c724465ecacfe74df5),platform=Mac OS X 10.14.1 x86_64)
[0m
[31m[2019-01-28 10:36:10,417] [log.py:97] [log:__console] [ERROR]- å®šä½//*[@id="SearchViewControlGroupFlightSelection_SearchViewFlightSearchControl_ButtonSubmit"]æ—¶ï¼Œç‚¹å‡»clickæ—¶å‡ºé”™ï¼Œé”™è¯¯ä¿¡æ¯ï¼šMessage: element not interactable
  (Session info: chrome=71.0.3578.98)
  (Driver info: chromedriver=2.44.609545 (c2f88692e98ce7233d2df7c724465ecacfe74df5),platform=Mac OS X 10.14.1 x86_64)
[0m
[32m[2019-01-28 10:36:10,417] [log.py:91] [log:__console] [INFO]- æŸ¥è¯¢ä¿¡æ¯å¡«å†™å®Œæ¯•[0m
[31m[2019-01-28 10:36:35,764] [log.py:97] [log:__console] [ERROR]- è·å–èˆªç­ä¿¡æ¯å‡ºç°é”™è¯¯, é”™è¯¯ä¿¡æ¯æ˜¯ï¼šMessage: 
[0m
[32m[2019-01-28 11:12:30,868] [log.py:91] [log:__console] [INFO]- åˆå§‹åŒ–webdriverå¯¹è±¡[0m
[32m[2019-01-28 11:12:36,213] [log.py:91] [log:__console] [INFO]- è¾“å…¥èˆªç­ä¿¡æ¯[0m
[36m[2019-01-28 11:12:44,628] [log.py:93] [log:__console] [DEBUG]- è¾“å…¥å‡ºå‘åœ°[0m
[36m[2019-01-28 11:12:52,539] [log.py:93] [log:__console] [DEBUG]- è¾“å…¥ç›®çš„åœ°[0m
[32m[2019-01-28 11:12:53,777] [log.py:91] [log:__console] [INFO]- é€‰æ‹©å‡ºå‘æ—¥æœŸ[0m
[32m[2019-01-28 11:13:04,619] [log.py:91] [log:__console] [INFO]- æŸ¥è¯¢ä¿¡æ¯å¡«å†™å®Œæ¯•[0m
[31m[2019-01-28 11:13:20,536] [log.py:97] [log:__console] [ERROR]- è·å–èˆªç­ä¿¡æ¯å‡ºç°é”™è¯¯, é”™è¯¯ä¿¡æ¯æ˜¯ï¼šMessage: no such window: window was already closed
  (Session info: chrome=71.0.3578.98)
  (Driver info: chromedriver=2.44.609545 (c2f88692e98ce7233d2df7c724465ecacfe74df5),platform=Mac OS X 10.14.1 x86_64)
[0m
[32m[2019-01-28 11:23:54,163] [log.py:91] [log:__console] [INFO]- åˆå§‹åŒ–webdriverå¯¹è±¡[0m
[32m[2019-01-28 11:23:55,230] [log.py:91] [log:__console] [INFO]- è¾“å…¥èˆªç­ä¿¡æ¯[0m
[36m[2019-01-28 11:24:02,249] [log.py:93] [log:__console] [DEBUG]- è¾“å…¥å‡ºå‘åœ°[0m
[36m[2019-01-28 11:24:10,162] [log.py:93] [log:__console] [DEBUG]- è¾“å…¥ç›®çš„åœ°[0m
[32m[2019-01-28 11:24:11,368] [log.py:91] [log:__console] [INFO]- é€‰æ‹©å‡ºå‘æ—¥æœŸ[0m
[32m[2019-01-28 11:24:17,630] [log.py:91] [log:__console] [INFO]- æŸ¥è¯¢ä¿¡æ¯å¡«å†™å®Œæ¯•[0m
[31m[2019-01-28 11:24:24,205] [log.py:97] [log:__console] [ERROR]- è·å–èˆªç­ä¿¡æ¯å‡ºç°é”™è¯¯, é”™è¯¯ä¿¡æ¯æ˜¯ï¼šMessage: no such window: window was already closed
  (Session info: chrome=71.0.3578.98)
  (Driver info: chromedriver=2.44.609545 (c2f88692e98ce7233d2df7c724465ecacfe74df5),platform=Mac OS X 10.14.1 x86_64)
[0m
[32m[2019-01-28 11:26:41,613] [log.py:91] [log:__console] [INFO]- åˆå§‹åŒ–webdriverå¯¹è±¡[0m
[32m[2019-01-28 11:26:42,673] [log.py:91] [log:__console] [INFO]- è¾“å…¥èˆªç­ä¿¡æ¯[0m
[36m[2019-01-28 11:26:49,976] [log.py:93] [log:__console] [DEBUG]- è¾“å…¥å‡ºå‘åœ°[0m
[36m[2019-01-28 11:26:58,200] [log.py:93] [log:__console] [DEBUG]- è¾“å…¥ç›®çš„åœ°[0m
[32m[2019-01-28 11:26:59,427] [log.py:91] [log:__console] [INFO]- é€‰æ‹©å‡ºå‘æ—¥æœŸ[0m
[32m[2019-01-28 11:27:06,710] [log.py:91] [log:__console] [INFO]- æŸ¥è¯¢ä¿¡æ¯å¡«å†™å®Œæ¯•[0m
[32m[2019-01-28 11:27:11,761] [log.py:91] [log:__console] [INFO]- èˆªç­å·å¯¹åº”æ­£ç¡®ï¼Œè¿›è¡Œè´­ä¹°æ“ä½œ[0m
[32m[2019-01-28 11:27:21,422] [log.py:91] [log:__console] [INFO]- ç¡®è®¤èˆªç­ä¿¡æ¯[0m
[31m[2019-01-28 11:27:50,883] [log.py:97] [log:__console] [ERROR]- å®šä½//*[@id="siteContent"]/div[4]/fieldset/div/div[2]/inputæ—¶ï¼Œå¡«å†™10æ—¶å‡ºé”™ï¼Œé”™è¯¯ä¿¡æ¯ï¼šMessage: 
[0m
[31m[2019-01-28 11:28:11,063] [log.py:97] [log:__console] [ERROR]- å®šä½//*[@id="siteContent"]/div[4]/fieldset/div/div[3]/inputæ—¶ï¼Œå¡«å†™11æ—¶å‡ºé”™ï¼Œé”™è¯¯ä¿¡æ¯ï¼šMessage: 
[0m
[31m[2019-01-28 11:28:31,276] [log.py:97] [log:__console] [ERROR]- å®šä½//*[@id="siteContent"]/div[4]/fieldset/div/div[4]/inputæ—¶ï¼Œå¡«å†™1999æ—¶å‡ºé”™ï¼Œé”™è¯¯ä¿¡æ¯ï¼šMessage: 
[0m
[32m[2019-01-28 11:31:34,699] [log.py:91] [log:__console] [INFO]- åˆå§‹åŒ–webdriverå¯¹è±¡[0m
[32m[2019-01-28 11:31:35,760] [log.py:91] [log:__console] [INFO]- è¾“å…¥èˆªç­ä¿¡æ¯[0m
[36m[2019-01-28 11:31:43,084] [log.py:93] [log:__console] [DEBUG]- è¾“å…¥å‡ºå‘åœ°[0m
[36m[2019-01-28 11:31:51,258] [log.py:93] [log:__console] [DEBUG]- è¾“å…¥ç›®çš„åœ°[0m
[32m[2019-01-28 11:31:52,517] [log.py:91] [log:__console] [INFO]- é€‰æ‹©å‡ºå‘æ—¥æœŸ[0m
[32m[2019-01-28 11:31:59,115] [log.py:91] [log:__console] [INFO]- æŸ¥è¯¢ä¿¡æ¯å¡«å†™å®Œæ¯•[0m
[32m[2019-01-28 11:32:04,166] [log.py:91] [log:__console] [INFO]- èˆªç­å·å¯¹åº”æ­£ç¡®ï¼Œè¿›è¡Œè´­ä¹°æ“ä½œ[0m
[32m[2019-01-28 11:32:18,280] [log.py:91] [log:__console] [INFO]- ç¡®è®¤èˆªç­ä¿¡æ¯[0m
[31m[2019-01-28 11:32:48,186] [log.py:97] [log:__console] [ERROR]- å®šä½//*[@id="siteContent"]/div[4]/fieldset/div/div[2]/inputæ—¶ï¼Œå¡«å†™10æ—¶å‡ºé”™ï¼Œé”™è¯¯ä¿¡æ¯ï¼šMessage: 
[0m
[31m[2019-01-28 11:33:08,400] [log.py:97] [log:__console] [ERROR]- å®šä½//*[@id="siteContent"]/div[4]/fieldset/div/div[3]/inputæ—¶ï¼Œå¡«å†™11æ—¶å‡ºé”™ï¼Œé”™è¯¯ä¿¡æ¯ï¼šMessage: 
[0m
[31m[2019-01-28 11:33:28,587] [log.py:97] [log:__console] [ERROR]- å®šä½//*[@id="siteContent"]/div[4]/fieldset/div/div[4]/inputæ—¶ï¼Œå¡«å†™1999æ—¶å‡ºé”™ï¼Œé”™è¯¯ä¿¡æ¯ï¼šMessage: 
[0m
[32m[2019-01-28 12:58:03,368] [log.py:91] [log:__console] [INFO]- åˆå§‹åŒ–webdriverå¯¹è±¡[0m
[32m[2019-01-28 12:58:15,876] [log.py:91] [log:__console] [INFO]- è¾“å…¥èˆªç­ä¿¡æ¯[0m
[36m[2019-01-28 12:58:24,473] [log.py:93] [log:__console] [DEBUG]- è¾“å…¥å‡ºå‘åœ°[0m
[36m[2019-01-28 12:58:32,695] [log.py:93] [log:__console] [DEBUG]- è¾“å…¥ç›®çš„åœ°[0m
[32m[2019-01-28 12:58:33,922] [log.py:91] [log:__console] [INFO]- é€‰æ‹©å‡ºå‘æ—¥æœŸ[0m
[32m[2019-01-28 12:58:41,246] [log.py:91] [log:__console] [INFO]- æŸ¥è¯¢ä¿¡æ¯å¡«å†™å®Œæ¯•[0m
[32m[2019-01-28 12:58:46,300] [log.py:91] [log:__console] [INFO]- èˆªç­å·å¯¹åº”æ­£ç¡®ï¼Œè¿›è¡Œè´­ä¹°æ“ä½œ[0m
[32m[2019-01-28 12:58:56,071] [log.py:91] [log:__console] [INFO]- ç¡®è®¤èˆªç­ä¿¡æ¯[0m
[32m[2019-01-28 13:33:16,936] [log.py:91] [log:__console] [INFO]- åˆå§‹åŒ–webdriverå¯¹è±¡[0m
[32m[2019-01-28 13:35:21,648] [log.py:91] [log:__console] [INFO]- è¾“å…¥èˆªç­ä¿¡æ¯[0m
[36m[2019-01-28 13:35:29,058] [log.py:93] [log:__console] [DEBUG]- è¾“å…¥å‡ºå‘åœ°[0m
[36m[2019-01-28 13:35:37,284] [log.py:93] [log:__console] [DEBUG]- è¾“å…¥ç›®çš„åœ°[0m
[32m[2019-01-28 13:35:38,554] [log.py:91] [log:__console] [INFO]- é€‰æ‹©å‡ºå‘æ—¥æœŸ[0m
[32m[2019-01-28 13:35:44,966] [log.py:91] [log:__console] [INFO]- æŸ¥è¯¢ä¿¡æ¯å¡«å†™å®Œæ¯•[0m
[32m[2019-01-28 13:35:50,024] [log.py:91] [log:__console] [INFO]- èˆªç­å·å¯¹åº”æ­£ç¡®ï¼Œè¿›è¡Œè´­ä¹°æ“ä½œ[0m
[32m[2019-01-28 13:35:59,722] [log.py:91] [log:__console] [INFO]- ç¡®è®¤èˆªç­ä¿¡æ¯[0m
[32m[2019-01-28 13:49:59,754] [log.py:91] [log:__console] [INFO]- åˆå§‹åŒ–webdriverå¯¹è±¡[0m
[32m[2019-01-28 13:51:06,218] [log.py:91] [log:__console] [INFO]- è¾“å…¥èˆªç­ä¿¡æ¯[0m
[36m[2019-01-28 13:51:13,556] [log.py:93] [log:__console] [DEBUG]- è¾“å…¥å‡ºå‘åœ°[0m
[36m[2019-01-28 13:51:21,756] [log.py:93] [log:__console] [DEBUG]- è¾“å…¥ç›®çš„åœ°[0m
[32m[2019-01-28 13:51:22,997] [log.py:91] [log:__console] [INFO]- é€‰æ‹©å‡ºå‘æ—¥æœŸ[0m
[32m[2019-01-28 13:51:36,252] [log.py:91] [log:__console] [INFO]- æŸ¥è¯¢ä¿¡æ¯å¡«å†™å®Œæ¯•[0m
[32m[2019-01-28 13:51:41,307] [log.py:91] [log:__console] [INFO]- èˆªç­å·å¯¹åº”æ­£ç¡®ï¼Œè¿›è¡Œè´­ä¹°æ“ä½œ[0m
[32m[2019-01-28 13:51:51,569] [log.py:91] [log:__console] [INFO]- ç¡®è®¤èˆªç­ä¿¡æ¯[0m
[32m[2019-01-28 14:23:12,937] [log.py:91] [log:__console] [INFO]- åˆå§‹åŒ–webdriverå¯¹è±¡[0m
[32m[2019-01-28 14:23:25,594] [log.py:91] [log:__console] [INFO]- è¾“å…¥èˆªç­ä¿¡æ¯[0m
[36m[2019-01-28 14:23:32,914] [log.py:93] [log:__console] [DEBUG]- è¾“å…¥å‡ºå‘åœ°[0m
[36m[2019-01-28 14:23:41,094] [log.py:93] [log:__console] [DEBUG]- è¾“å…¥ç›®çš„åœ°[0m
[32m[2019-01-28 14:23:42,328] [log.py:91] [log:__console] [INFO]- é€‰æ‹©å‡ºå‘æ—¥æœŸ[0m
[32m[2019-01-28 14:23:52,006] [log.py:91] [log:__console] [INFO]- æŸ¥è¯¢ä¿¡æ¯å¡«å†™å®Œæ¯•[0m
[32m[2019-01-28 14:23:57,058] [log.py:91] [log:__console] [INFO]- èˆªç­å·å¯¹åº”æ­£ç¡®ï¼Œè¿›è¡Œè´­ä¹°æ“ä½œ[0m
[32m[2019-01-28 14:24:07,666] [log.py:91] [log:__console] [INFO]- ç¡®è®¤èˆªç­ä¿¡æ¯[0m
[31m[2019-01-28 14:24:16,148] [log.py:97] [log:__console] [ERROR]- å®šä½//*[@id="siteContent"]/div[1]/a[2]æ—¶ï¼Œç‚¹å‡»clickæ—¶å‡ºé”™ï¼Œé”™è¯¯ä¿¡æ¯ï¼šMessage: element not interactable
  (Session info: chrome=71.0.3578.98)
  (Driver info: chromedriver=2.44.609545 (c2f88692e98ce7233d2df7c724465ecacfe74df5),platform=Mac OS X 10.14.1 x86_64)
[0m
[31m[2019-01-28 14:24:17,185] [log.py:97] [log:__console] [ERROR]- å®šä½//*[@id="siteContent"]/div[1]/a[3]æ—¶ï¼Œç‚¹å‡»clickæ—¶å‡ºé”™ï¼Œé”™è¯¯ä¿¡æ¯ï¼šMessage: element not interactable
  (Session info: chrome=71.0.3578.98)
  (Driver info: chromedriver=2.44.609545 (c2f88692e98ce7233d2df7c724465ecacfe74df5),platform=Mac OS X 10.14.1 x86_64)
[0m
[31m[2019-01-28 14:24:18,214] [log.py:97] [log:__console] [ERROR]- å®šä½//*[@id="siteContent"]/div[1]/a[3]æ—¶ï¼Œç‚¹å‡»clickæ—¶å‡ºé”™ï¼Œé”™è¯¯ä¿¡æ¯ï¼šMessage: element not interactable
  (Session info: chrome=71.0.3578.98)
  (Driver info: chromedriver=2.44.609545 (c2f88692e98ce7233d2df7c724465ecacfe74df5),platform=Mac OS X 10.14.1 x86_64)
[0m
[32m[2019-01-28 14:25:14,625] [log.py:91] [log:__console] [INFO]- åˆå§‹åŒ–webdriverå¯¹è±¡[0m
[32m[2019-01-28 14:25:34,225] [log.py:91] [log:__console] [INFO]- è¾“å…¥èˆªç­ä¿¡æ¯[0m
[36m[2019-01-28 14:25:41,545] [log.py:93] [log:__console] [DEBUG]- è¾“å…¥å‡ºå‘åœ°[0m
[36m[2019-01-28 14:25:49,750] [log.py:93] [log:__console] [DEBUG]- è¾“å…¥ç›®çš„åœ°[0m
[32m[2019-01-28 14:25:50,972] [log.py:91] [log:__console] [INFO]- é€‰æ‹©å‡ºå‘æ—¥æœŸ[0m
[32m[2019-01-28 14:26:00,296] [log.py:91] [log:__console] [INFO]- æŸ¥è¯¢ä¿¡æ¯å¡«å†™å®Œæ¯•[0m
[32m[2019-01-28 14:26:05,355] [log.py:91] [log:__console] [INFO]- èˆªç­å·å¯¹åº”æ­£ç¡®ï¼Œè¿›è¡Œè´­ä¹°æ“ä½œ[0m
[32m[2019-01-28 14:26:15,144] [log.py:91] [log:__console] [INFO]- ç¡®è®¤èˆªç­ä¿¡æ¯[0m
[32m[2019-01-28 14:40:04,728] [log.py:91] [log:__console] [INFO]- åˆå§‹åŒ–webdriverå¯¹è±¡[0m
[32m[2019-01-28 14:40:09,155] [log.py:91] [log:__console] [INFO]- è¾“å…¥èˆªç­ä¿¡æ¯[0m
[36m[2019-01-28 14:40:16,468] [log.py:93] [log:__console] [DEBUG]- è¾“å…¥å‡ºå‘åœ°[0m
[32m[2019-01-28 14:40:53,204] [log.py:91] [log:__console] [INFO]- åˆå§‹åŒ–webdriverå¯¹è±¡[0m
[32m[2019-01-28 14:40:57,332] [log.py:91] [log:__console] [INFO]- è¾“å…¥èˆªç­ä¿¡æ¯[0m
[36m[2019-01-28 14:41:04,666] [log.py:93] [log:__console] [DEBUG]- è¾“å…¥å‡ºå‘åœ°[0m
[36m[2019-01-28 14:41:12,887] [log.py:93] [log:__console] [DEBUG]- è¾“å…¥ç›®çš„åœ°[0m
[32m[2019-01-28 14:41:14,121] [log.py:91] [log:__console] [INFO]- é€‰æ‹©å‡ºå‘æ—¥æœŸ[0m
[32m[2019-01-28 14:41:23,753] [log.py:91] [log:__console] [INFO]- æŸ¥è¯¢ä¿¡æ¯å¡«å†™å®Œæ¯•[0m
[32m[2019-01-28 14:41:28,795] [log.py:91] [log:__console] [INFO]- èˆªç­å·å¯¹åº”æ­£ç¡®ï¼Œè¿›è¡Œè´­ä¹°æ“ä½œ[0m
[32m[2019-01-28 14:41:39,259] [log.py:91] [log:__console] [INFO]- ç¡®è®¤èˆªç­ä¿¡æ¯[0m
[32m[2019-01-28 14:43:40,776] [log.py:91] [log:__console] [INFO]- åˆå§‹åŒ–webdriverå¯¹è±¡[0m
[32m[2019-01-28 14:43:47,521] [log.py:91] [log:__console] [INFO]- è¾“å…¥èˆªç­ä¿¡æ¯[0m
[36m[2019-01-28 14:43:54,834] [log.py:93] [log:__console] [DEBUG]- è¾“å…¥å‡ºå‘åœ°[0m
[36m[2019-01-28 14:44:03,038] [log.py:93] [log:__console] [DEBUG]- è¾“å…¥ç›®çš„åœ°[0m
[32m[2019-01-28 14:44:04,271] [log.py:91] [log:__console] [INFO]- é€‰æ‹©å‡ºå‘æ—¥æœŸ[0m
[32m[2019-01-28 14:44:15,138] [log.py:91] [log:__console] [INFO]- æŸ¥è¯¢ä¿¡æ¯å¡«å†™å®Œæ¯•[0m
[32m[2019-01-28 14:44:20,183] [log.py:91] [log:__console] [INFO]- èˆªç­å·å¯¹åº”æ­£ç¡®ï¼Œè¿›è¡Œè´­ä¹°æ“ä½œ[0m
[32m[2019-01-28 14:44:31,917] [log.py:91] [log:__console] [INFO]- ç¡®è®¤èˆªç­ä¿¡æ¯[0m
[31m[2019-01-28 14:44:50,756] [log.py:97] [log:__console] [ERROR]- å®šä½//*[@id="BAGGROUP_FLIGHT_0_PAX_0_BAG_1"]/div[2]/a[2]æ—¶ï¼Œç‚¹å‡»clickæ—¶å‡ºé”™ï¼Œé”™è¯¯ä¿¡æ¯ï¼šMessage: element not interactable
  (Session info: chrome=71.0.3578.98)
  (Driver info: chromedriver=2.44.609545 (c2f88692e98ce7233d2df7c724465ecacfe74df5),platform=Mac OS X 10.14.1 x86_64)
[0m
[31m[2019-01-28 14:44:50,782] [log.py:97] [log:__console] [ERROR]- å®šä½//*[@id="BAGGROUP_FLIGHT_0_PAX_0_BAG_1"]/div[1]/label[2]æ—¶ï¼Œç‚¹å‡»clickæ—¶å‡ºé”™ï¼Œé”™è¯¯ä¿¡æ¯ï¼šMessage: element not interactable
  (Session info: chrome=71.0.3578.98)
  (Driver info: chromedriver=2.44.609545 (c2f88692e98ce7233d2df7c724465ecacfe74df5),platform=Mac OS X 10.14.1 x86_64)
[0m
[31m[2019-01-28 14:44:50,801] [log.py:97] [log:__console] [ERROR]- å®šä½//*[@id="siteContent"]/div[2]/div[3]/button[1]æ—¶ï¼Œç‚¹å‡»clickæ—¶å‡ºé”™ï¼Œé”™è¯¯ä¿¡æ¯ï¼šMessage: element not interactable
  (Session info: chrome=71.0.3578.98)
  (Driver info: chromedriver=2.44.609545 (c2f88692e98ce7233d2df7c724465ecacfe74df5),platform=Mac OS X 10.14.1 x86_64)
[0m
[31m[2019-01-28 14:44:50,826] [log.py:97] [log:__console] [ERROR]- å®šä½//*[@id="siteContent"]/div[1]/a[3]æ—¶ï¼Œç‚¹å‡»clickæ—¶å‡ºé”™ï¼Œé”™è¯¯ä¿¡æ¯ï¼šMessage: element not interactable
  (Session info: chrome=71.0.3578.98)
  (Driver info: chromedriver=2.44.609545 (c2f88692e98ce7233d2df7c724465ecacfe74df5),platform=Mac OS X 10.14.1 x86_64)
[0m
[31m[2019-01-28 14:44:51,850] [log.py:97] [log:__console] [ERROR]- å®šä½//*[@id="BAGGROUP_FLIGHT_0_PAX_0_BAG_1"]/div[2]/a[2]æ—¶ï¼Œç‚¹å‡»clickæ—¶å‡ºé”™ï¼Œé”™è¯¯ä¿¡æ¯ï¼šMessage: element not interactable
  (Session info: chrome=71.0.3578.98)
  (Driver info: chromedriver=2.44.609545 (c2f88692e98ce7233d2df7c724465ecacfe74df5),platform=Mac OS X 10.14.1 x86_64)
[0m
[31m[2019-01-28 14:44:51,868] [log.py:97] [log:__console] [ERROR]- å®šä½//*[@id="BAGGROUP_FLIGHT_0_PAX_0_BAG_1"]/div[1]/label[2]æ—¶ï¼Œç‚¹å‡»clickæ—¶å‡ºé”™ï¼Œé”™è¯¯ä¿¡æ¯ï¼šMessage: element not interactable
  (Session info: chrome=71.0.3578.98)
  (Driver info: chromedriver=2.44.609545 (c2f88692e98ce7233d2df7c724465ecacfe74df5),platform=Mac OS X 10.14.1 x86_64)
[0m
[31m[2019-01-28 14:44:51,884] [log.py:97] [log:__console] [ERROR]- å®šä½//*[@id="BAGGROUP_FLIGHT_0_PAX_0_BAG_1"]/div[2]/a[2]æ—¶ï¼Œç‚¹å‡»clickæ—¶å‡ºé”™ï¼Œé”™è¯¯ä¿¡æ¯ï¼šMessage: element not interactable
  (Session info: chrome=71.0.3578.98)
  (Driver info: chromedriver=2.44.609545 (c2f88692e98ce7233d2df7c724465ecacfe74df5),platform=Mac OS X 10.14.1 x86_64)
[0m
[31m[2019-01-28 14:44:51,900] [log.py:97] [log:__console] [ERROR]- å®šä½//*[@id="BAGGROUP_FLIGHT_0_PAX_0_BAG_1"]/div[1]/label[2]æ—¶ï¼Œç‚¹å‡»clickæ—¶å‡ºé”™ï¼Œé”™è¯¯ä¿¡æ¯ï¼šMessage: element not interactable
  (Session info: chrome=71.0.3578.98)
  (Driver info: chromedriver=2.44.609545 (c2f88692e98ce7233d2df7c724465ecacfe74df5),platform=Mac OS X 10.14.1 x86_64)
[0m
[31m[2019-01-28 14:44:51,916] [log.py:97] [log:__console] [ERROR]- å®šä½//*[@id="BAGGROUP_FLIGHT_0_PAX_0_BAG_1"]/div[2]/a[2]æ—¶ï¼Œç‚¹å‡»clickæ—¶å‡ºé”™ï¼Œé”™è¯¯ä¿¡æ¯ï¼šMessage: element not interactable
  (Session info: chrome=71.0.3578.98)
  (Driver info: chromedriver=2.44.609545 (c2f88692e98ce7233d2df7c724465ecacfe74df5),platform=Mac OS X 10.14.1 x86_64)
[0m
[31m[2019-01-28 14:44:51,932] [log.py:97] [log:__console] [ERROR]- å®šä½//*[@id="siteContent"]/div[2]/div[3]/button[1]æ—¶ï¼Œç‚¹å‡»clickæ—¶å‡ºé”™ï¼Œé”™è¯¯ä¿¡æ¯ï¼šMessage: element not interactable
  (Session info: chrome=71.0.3578.98)
  (Driver info: chromedriver=2.44.609545 (c2f88692e98ce7233d2df7c724465ecacfe74df5),platform=Mac OS X 10.14.1 x86_64)
[0m
[31m[2019-01-28 14:44:51,949] [log.py:97] [log:__console] [ERROR]- å®šä½//*[@id="siteContent"]/div[1]/a[3]æ—¶ï¼Œç‚¹å‡»clickæ—¶å‡ºé”™ï¼Œé”™è¯¯ä¿¡æ¯ï¼šMessage: element not interactable
  (Session info: chrome=71.0.3578.98)
  (Driver info: chromedriver=2.44.609545 (c2f88692e98ce7233d2df7c724465ecacfe74df5),platform=Mac OS X 10.14.1 x86_64)
[0m
[31m[2019-01-28 14:44:52,981] [log.py:97] [log:__console] [ERROR]- å®šä½//*[@id="BAGGROUP_FLIGHT_0_PAX_0_BAG_1"]/div[1]/label[1]æ—¶ï¼Œç‚¹å‡»clickæ—¶å‡ºé”™ï¼Œé”™è¯¯ä¿¡æ¯ï¼šMessage: element not interactable
  (Session info: chrome=71.0.3578.98)
  (Driver info: chromedriver=2.44.609545 (c2f88692e98ce7233d2df7c724465ecacfe74df5),platform=Mac OS X 10.14.1 x86_64)
[0m
[31m[2019-01-28 14:44:52,998] [log.py:97] [log:__console] [ERROR]- å®šä½//*[@id="siteContent"]/div[2]/div[3]/button[1]æ—¶ï¼Œç‚¹å‡»clickæ—¶å‡ºé”™ï¼Œé”™è¯¯ä¿¡æ¯ï¼šMessage: element not interactable
  (Session info: chrome=71.0.3578.98)
  (Driver info: chromedriver=2.44.609545 (c2f88692e98ce7233d2df7c724465ecacfe74df5),platform=Mac OS X 10.14.1 x86_64)
[0m
[32m[2019-01-28 14:47:24,126] [log.py:91] [log:__console] [INFO]- åˆå§‹åŒ–webdriverå¯¹è±¡[0m
[32m[2019-01-28 14:47:37,981] [log.py:91] [log:__console] [INFO]- è¾“å…¥èˆªç­ä¿¡æ¯[0m
[36m[2019-01-28 14:47:45,299] [log.py:93] [log:__console] [DEBUG]- è¾“å…¥å‡ºå‘åœ°[0m
[36m[2019-01-28 14:47:53,480] [log.py:93] [log:__console] [DEBUG]- è¾“å…¥ç›®çš„åœ°[0m
[32m[2019-01-28 14:47:54,706] [log.py:91] [log:__console] [INFO]- é€‰æ‹©å‡ºå‘æ—¥æœŸ[0m
[32m[2019-01-28 14:48:04,193] [log.py:91] [log:__console] [INFO]- æŸ¥è¯¢ä¿¡æ¯å¡«å†™å®Œæ¯•[0m
[32m[2019-01-28 14:48:09,239] [log.py:91] [log:__console] [INFO]- èˆªç­å·å¯¹åº”æ­£ç¡®ï¼Œè¿›è¡Œè´­ä¹°æ“ä½œ[0m
[32m[2019-01-28 14:48:19,624] [log.py:91] [log:__console] [INFO]- ç¡®è®¤èˆªç­ä¿¡æ¯[0m
[31m[2019-01-28 14:48:34,658] [log.py:97] [log:__console] [ERROR]- å®šä½//*[@id="BAGGROUP_FLIGHT_0_PAX_0_BAG_1"]/div[1]/label[2]æ—¶ï¼Œç‚¹å‡»clickæ—¶å‡ºé”™ï¼Œé”™è¯¯ä¿¡æ¯ï¼šMessage: element not interactable
  (Session info: chrome=71.0.3578.98)
  (Driver info: chromedriver=2.44.609545 (c2f88692e98ce7233d2df7c724465ecacfe74df5),platform=Mac OS X 10.14.1 x86_64)
[0m
[31m[2019-01-28 14:48:34,682] [log.py:97] [log:__console] [ERROR]- å®šä½//*[@id="BAGGROUP_FLIGHT_0_PAX_0_BAG_1"]/div[2]/a[2]æ—¶ï¼Œç‚¹å‡»clickæ—¶å‡ºé”™ï¼Œé”™è¯¯ä¿¡æ¯ï¼šMessage: element not interactable
  (Session info: chrome=71.0.3578.98)
  (Driver info: chromedriver=2.44.609545 (c2f88692e98ce7233d2df7c724465ecacfe74df5),platform=Mac OS X 10.14.1 x86_64)
[0m
[31m[2019-01-28 14:48:34,699] [log.py:97] [log:__console] [ERROR]- å®šä½//*[@id="siteContent"]/div[2]/div[3]/button[1]æ—¶ï¼Œç‚¹å‡»clickæ—¶å‡ºé”™ï¼Œé”™è¯¯ä¿¡æ¯ï¼šMessage: element not interactable
  (Session info: chrome=71.0.3578.98)
  (Driver info: chromedriver=2.44.609545 (c2f88692e98ce7233d2df7c724465ecacfe74df5),platform=Mac OS X 10.14.1 x86_64)
[0m
[31m[2019-01-28 14:48:34,723] [log.py:97] [log:__console] [ERROR]- å®šä½//*[@id="siteContent"]/div[1]/a[3]æ—¶ï¼Œç‚¹å‡»clickæ—¶å‡ºé”™ï¼Œé”™è¯¯ä¿¡æ¯ï¼šMessage: element not interactable
  (Session info: chrome=71.0.3578.98)
  (Driver info: chromedriver=2.44.609545 (c2f88692e98ce7233d2df7c724465ecacfe74df5),platform=Mac OS X 10.14.1 x86_64)
[0m
[31m[2019-01-28 14:48:35,750] [log.py:97] [log:__console] [ERROR]- å®šä½//*[@id="BAGGROUP_FLIGHT_0_PAX_0_BAG_1"]/div[1]/label[2]æ—¶ï¼Œç‚¹å‡»clickæ—¶å‡ºé”™ï¼Œé”™è¯¯ä¿¡æ¯ï¼šMessage: element not interactable
  (Session info: chrome=71.0.3578.98)
  (Driver info: chromedriver=2.44.609545 (c2f88692e98ce7233d2df7c724465ecacfe74df5),platform=Mac OS X 10.14.1 x86_64)
[0m
[31m[2019-01-28 14:48:35,766] [log.py:97] [log:__console] [ERROR]- å®šä½//*[@id="BAGGROUP_FLIGHT_0_PAX_0_BAG_1"]/div[2]/a[2]æ—¶ï¼Œç‚¹å‡»clickæ—¶å‡ºé”™ï¼Œé”™è¯¯ä¿¡æ¯ï¼šMessage: element not interactable
  (Session info: chrome=71.0.3578.98)
  (Driver info: chromedriver=2.44.609545 (c2f88692e98ce7233d2df7c724465ecacfe74df5),platform=Mac OS X 10.14.1 x86_64)
[0m
[31m[2019-01-28 14:48:35,782] [log.py:97] [log:__console] [ERROR]- å®šä½//*[@id="BAGGROUP_FLIGHT_0_PAX_0_BAG_1"]/div[1]/label[2]æ—¶ï¼Œç‚¹å‡»clickæ—¶å‡ºé”™ï¼Œé”™è¯¯ä¿¡æ¯ï¼šMessage: element not interactable
  (Session info: chrome=71.0.3578.98)
  (Driver info: chromedriver=2.44.609545 (c2f88692e98ce7233d2df7c724465ecacfe74df5),platform=Mac OS X 10.14.1 x86_64)
[0m
[31m[2019-01-28 14:48:35,798] [log.py:97] [log:__console] [ERROR]- å®šä½//*[@id="siteContent"]/div[2]/div[3]/button[1]æ—¶ï¼Œç‚¹å‡»clickæ—¶å‡ºé”™ï¼Œé”™è¯¯ä¿¡æ¯ï¼šMessage: element not interactable
  (Session info: chrome=71.0.3578.98)
  (Driver info: chromedriver=2.44.609545 (c2f88692e98ce7233d2df7c724465ecacfe74df5),platform=Mac OS X 10.14.1 x86_64)
[0m
[31m[2019-01-28 14:48:35,815] [log.py:97] [log:__console] [ERROR]- å®šä½//*[@id="siteContent"]/div[1]/a[3]æ—¶ï¼Œç‚¹å‡»clickæ—¶å‡ºé”™ï¼Œé”™è¯¯ä¿¡æ¯ï¼šMessage: element not interactable
  (Session info: chrome=71.0.3578.98)
  (Driver info: chromedriver=2.44.609545 (c2f88692e98ce7233d2df7c724465ecacfe74df5),platform=Mac OS X 10.14.1 x86_64)
[0m
[31m[2019-01-28 14:48:36,847] [log.py:97] [log:__console] [ERROR]- å®šä½//*[@id="BAGGROUP_FLIGHT_0_PAX_0_BAG_1"]/div[1]/label[1]æ—¶ï¼Œç‚¹å‡»clickæ—¶å‡ºé”™ï¼Œé”™è¯¯ä¿¡æ¯ï¼šMessage: element not interactable
  (Session info: chrome=71.0.3578.98)
  (Driver info: chromedriver=2.44.609545 (c2f88692e98ce7233d2df7c724465ecacfe74df5),platform=Mac OS X 10.14.1 x86_64)
[0m
[31m[2019-01-28 14:48:36,865] [log.py:97] [log:__console] [ERROR]- å®šä½//*[@id="siteContent"]/div[2]/div[3]/button[1]æ—¶ï¼Œç‚¹å‡»clickæ—¶å‡ºé”™ï¼Œé”™è¯¯ä¿¡æ¯ï¼šMessage: element not interactable
  (Session info: chrome=71.0.3578.98)
  (Driver info: chromedriver=2.44.609545 (c2f88692e98ce7233d2df7c724465ecacfe74df5),platform=Mac OS X 10.14.1 x86_64)
[0m
[31m[2019-01-28 14:49:01,133] [log.py:97] [log:__console] [ERROR]- å®šä½//*[@id="ServicesOverviewViewControlGroup_ButtonSubmit"]æ—¶ï¼Œç‚¹å‡»clickæ—¶å‡ºé”™ï¼Œé”™è¯¯ä¿¡æ¯ï¼šMessage: 
[0m
[32m[2019-01-28 14:50:28,132] [log.py:91] [log:__console] [INFO]- åˆå§‹åŒ–webdriverå¯¹è±¡[0m
[32m[2019-01-28 14:50:32,017] [log.py:91] [log:__console] [INFO]- è¾“å…¥èˆªç­ä¿¡æ¯[0m
[36m[2019-01-28 14:50:39,388] [log.py:93] [log:__console] [DEBUG]- è¾“å…¥å‡ºå‘åœ°[0m
[36m[2019-01-28 14:50:47,594] [log.py:93] [log:__console] [DEBUG]- è¾“å…¥ç›®çš„åœ°[0m
[32m[2019-01-28 14:50:48,822] [log.py:91] [log:__console] [INFO]- é€‰æ‹©å‡ºå‘æ—¥æœŸ[0m
[32m[2019-01-28 14:51:05,184] [log.py:91] [log:__console] [INFO]- æŸ¥è¯¢ä¿¡æ¯å¡«å†™å®Œæ¯•[0m
[32m[2019-01-28 14:51:10,247] [log.py:91] [log:__console] [INFO]- èˆªç­å·å¯¹åº”æ­£ç¡®ï¼Œè¿›è¡Œè´­ä¹°æ“ä½œ[0m
[32m[2019-01-28 14:51:20,941] [log.py:91] [log:__console] [INFO]- ç¡®è®¤èˆªç­ä¿¡æ¯[0m
[31m[2019-01-28 14:53:45,819] [log.py:97] [log:__console] [ERROR]- å®šä½//*[@id="BAGGROUP_FLIGHT_0_PAX_0_BAG_1"]/div[1]/label[2]æ—¶ï¼Œç‚¹å‡»clickæ—¶å‡ºé”™ï¼Œé”™è¯¯ä¿¡æ¯ï¼šMessage: element not interactable
  (Session info: chrome=71.0.3578.98)
  (Driver info: chromedriver=2.44.609545 (c2f88692e98ce7233d2df7c724465ecacfe74df5),platform=Mac OS X 10.14.1 x86_64)
[0m
[32m[2019-01-28 15:00:03,208] [log.py:91] [log:__console] [INFO]- åˆå§‹åŒ–webdriverå¯¹è±¡[0m
[32m[2019-01-28 15:00:06,025] [log.py:91] [log:__console] [INFO]- è¾“å…¥èˆªç­ä¿¡æ¯[0m
[36m[2019-01-28 15:00:13,376] [log.py:93] [log:__console] [DEBUG]- è¾“å…¥å‡ºå‘åœ°[0m
[36m[2019-01-28 15:00:21,587] [log.py:93] [log:__console] [DEBUG]- è¾“å…¥ç›®çš„åœ°[0m
[32m[2019-01-28 15:00:22,806] [log.py:91] [log:__console] [INFO]- é€‰æ‹©å‡ºå‘æ—¥æœŸ[0m
[32m[2019-01-28 15:01:03,166] [log.py:91] [log:__console] [INFO]- æŸ¥è¯¢ä¿¡æ¯å¡«å†™å®Œæ¯•[0m
[32m[2019-01-28 15:01:08,225] [log.py:91] [log:__console] [INFO]- èˆªç­å·å¯¹åº”æ­£ç¡®ï¼Œè¿›è¡Œè´­ä¹°æ“ä½œ[0m
[32m[2019-01-28 15:01:28,929] [log.py:91] [log:__console] [INFO]- ç¡®è®¤èˆªç­ä¿¡æ¯[0m
[31m[2019-01-28 15:03:28,498] [log.py:97] [log:__console] [ERROR]- åˆå§‹åŒ–webdriverå¯¹è±¡å¤±è´¥Message: unknown error: cannot determine loading status
from unknown error: cannot determine loading status
from disconnected: unable to send message to renderer
  (Session info: chrome=71.0.3578.98)
  (Driver info: chromedriver=2.44.609545 (c2f88692e98ce7233d2df7c724465ecacfe74df5),platform=Mac OS X 10.14.1 x86_64)
[0m
[31m[2019-01-28 15:03:28,532] [log.py:97] [log:__console] [ERROR]- å®šä½//*[@id="cookieAccept"]æ—¶ï¼Œç‚¹å‡»clickæ—¶å‡ºé”™ï¼Œé”™è¯¯ä¿¡æ¯ï¼šMessage: no such window: window was already closed
  (Session info: chrome=71.0.3578.98)
  (Driver info: chromedriver=2.44.609545 (c2f88692e98ce7233d2df7c724465ecacfe74df5),platform=Mac OS X 10.14.1 x86_64)
[0m
[32m[2019-01-28 15:03:28,533] [log.py:91] [log:__console] [INFO]- è¾“å…¥èˆªç­ä¿¡æ¯[0m
[31m[2019-01-28 15:03:28,539] [log.py:97] [log:__console] [ERROR]- å®šä½//*[@id="siteContent"]/div[1]/div[3]/div[1]/label[2]æ—¶ï¼Œç‚¹å‡»clickæ—¶å‡ºé”™ï¼Œé”™è¯¯ä¿¡æ¯ï¼šMessage: no such window: window was already closed
  (Session info: chrome=71.0.3578.98)
  (Driver info: chromedriver=2.44.609545 (c2f88692e98ce7233d2df7c724465ecacfe74df5),platform=Mac OS X 10.14.1 x86_64)
[0m
[31m[2019-01-28 15:03:28,545] [log.py:97] [log:__console] [ERROR]- å®šä½//*[@id="origin"]æ—¶ï¼Œç‚¹å‡»clickæ—¶å‡ºé”™ï¼Œé”™è¯¯ä¿¡æ¯ï¼šMessage: no such window: window was already closed
  (Session info: chrome=71.0.3578.98)
  (Driver info: chromedriver=2.44.609545 (c2f88692e98ce7233d2df7c724465ecacfe74df5),platform=Mac OS X 10.14.1 x86_64)
[0m
[31m[2019-01-28 15:03:28,550] [log.py:97] [log:__console] [ERROR]- å®šä½//*[@id="siteContent"]/div[3]/div[3]/div/inputæ—¶ï¼Œå¡«å†™AGAæ—¶å‡ºé”™ï¼Œé”™è¯¯ä¿¡æ¯ï¼šMessage: no such window: window was already closed
  (Session info: chrome=71.0.3578.98)
  (Driver info: chromedriver=2.44.609545 (c2f88692e98ce7233d2df7c724465ecacfe74df5),platform=Mac OS X 10.14.1 x86_64)
[0m
[31m[2019-01-28 15:03:31,564] [log.py:97] [log:__console] [ERROR]- å®šä½//*[@id="siteContent"]/div[3]/div[4]/ul[2]/li[5]æ—¶ï¼Œç‚¹å‡»clickæ—¶å‡ºé”™ï¼Œé”™è¯¯ä¿¡æ¯ï¼šMessage: no such window: window was already closed
  (Session info: chrome=71.0.3578.98)
  (Driver info: chromedriver=2.44.609545 (c2f88692e98ce7233d2df7c724465ecacfe74df5),platform=Mac OS X 10.14.1 x86_64)
[0m
[36m[2019-01-28 15:03:31,566] [log.py:93] [log:__console] [DEBUG]- è¾“å…¥å‡ºå‘åœ°[0m
[32m[2019-01-28 15:08:12,292] [log.py:91] [log:__console] [INFO]- åˆå§‹åŒ–webdriverå¯¹è±¡[0m
[32m[2019-01-28 15:08:27,453] [log.py:91] [log:__console] [INFO]- è¾“å…¥èˆªç­ä¿¡æ¯[0m
[36m[2019-01-28 15:08:34,734] [log.py:93] [log:__console] [DEBUG]- è¾“å…¥å‡ºå‘åœ°[0m
[36m[2019-01-28 15:08:42,940] [log.py:93] [log:__console] [DEBUG]- è¾“å…¥ç›®çš„åœ°[0m
[32m[2019-01-28 15:08:44,198] [log.py:91] [log:__console] [INFO]- é€‰æ‹©å‡ºå‘æ—¥æœŸ[0m
[32m[2019-01-28 15:08:57,270] [log.py:91] [log:__console] [INFO]- æŸ¥è¯¢ä¿¡æ¯å¡«å†™å®Œæ¯•[0m
[32m[2019-01-28 15:09:02,319] [log.py:91] [log:__console] [INFO]- èˆªç­å·å¯¹åº”æ­£ç¡®ï¼Œè¿›è¡Œè´­ä¹°æ“ä½œ[0m
[32m[2019-01-28 15:09:12,217] [log.py:91] [log:__console] [INFO]- ç¡®è®¤èˆªç­ä¿¡æ¯[0m
[31m[2019-01-28 15:11:38,850] [log.py:97] [log:__console] [ERROR]- åˆå§‹åŒ–webdriverå¯¹è±¡å¤±è´¥Message: unknown error: unhandled inspector error: {"code":-32000,"message":"No target with given id"}
  (Session info: chrome=71.0.3578.98)
  (Driver info: chromedriver=2.44.609545 (c2f88692e98ce7233d2df7c724465ecacfe74df5),platform=Mac OS X 10.14.1 x86_64)
[0m
[31m[2019-01-28 15:11:38,865] [log.py:97] [log:__console] [ERROR]- å®šä½//*[@id="cookieAccept"]æ—¶ï¼Œç‚¹å‡»clickæ—¶å‡ºé”™ï¼Œé”™è¯¯ä¿¡æ¯ï¼šMessage: no such window: target window already closed
from unknown error: web view not found
  (Session info: chrome=71.0.3578.98)
  (Driver info: chromedriver=2.44.609545 (c2f88692e98ce7233d2df7c724465ecacfe74df5),platform=Mac OS X 10.14.1 x86_64)
[0m
[32m[2019-01-28 15:12:04,533] [log.py:91] [log:__console] [INFO]- åˆå§‹åŒ–webdriverå¯¹è±¡[0m
[32m[2019-01-28 15:12:26,989] [log.py:91] [log:__console] [INFO]- è¾“å…¥èˆªç­ä¿¡æ¯[0m
[36m[2019-01-28 15:12:34,319] [log.py:93] [log:__console] [DEBUG]- è¾“å…¥å‡ºå‘åœ°[0m
[36m[2019-01-28 15:12:42,495] [log.py:93] [log:__console] [DEBUG]- è¾“å…¥ç›®çš„åœ°[0m
[32m[2019-01-28 15:12:43,724] [log.py:91] [log:__console] [INFO]- é€‰æ‹©å‡ºå‘æ—¥æœŸ[0m
[32m[2019-01-28 15:12:53,522] [log.py:91] [log:__console] [INFO]- æŸ¥è¯¢ä¿¡æ¯å¡«å†™å®Œæ¯•[0m
[32m[2019-01-28 15:12:58,577] [log.py:91] [log:__console] [INFO]- èˆªç­å·å¯¹åº”æ­£ç¡®ï¼Œè¿›è¡Œè´­ä¹°æ“ä½œ[0m
[32m[2019-01-28 15:13:08,961] [log.py:91] [log:__console] [INFO]- ç¡®è®¤èˆªç­ä¿¡æ¯[0m
[32m[2019-01-28 15:16:00,874] [log.py:91] [log:__console] [INFO]- åˆå§‹åŒ–webdriverå¯¹è±¡[0m
[32m[2019-01-28 15:17:03,319] [log.py:91] [log:__console] [INFO]- è¾“å…¥èˆªç­ä¿¡æ¯[0m
[36m[2019-01-28 15:17:10,601] [log.py:93] [log:__console] [DEBUG]- è¾“å…¥å‡ºå‘åœ°[0m
[36m[2019-01-28 15:17:18,782] [log.py:93] [log:__console] [DEBUG]- è¾“å…¥ç›®çš„åœ°[0m
[32m[2019-01-28 15:17:20,047] [log.py:91] [log:__console] [INFO]- é€‰æ‹©å‡ºå‘æ—¥æœŸ[0m
[32m[2019-01-28 15:17:31,326] [log.py:91] [log:__console] [INFO]- æŸ¥è¯¢ä¿¡æ¯å¡«å†™å®Œæ¯•[0m
[32m[2019-01-28 15:17:36,371] [log.py:91] [log:__console] [INFO]- èˆªç­å·å¯¹åº”æ­£ç¡®ï¼Œè¿›è¡Œè´­ä¹°æ“ä½œ[0m
[32m[2019-01-28 15:17:45,161] [log.py:91] [log:__console] [INFO]- ç¡®è®¤èˆªç­ä¿¡æ¯[0m
[32m[2019-01-28 15:19:13,590] [log.py:91] [log:__console] [INFO]- åˆå§‹åŒ–webdriverå¯¹è±¡[0m
[32m[2019-01-28 15:19:18,336] [log.py:91] [log:__console] [INFO]- è¾“å…¥èˆªç­ä¿¡æ¯[0m
[36m[2019-01-28 15:19:25,708] [log.py:93] [log:__console] [DEBUG]- è¾“å…¥å‡ºå‘åœ°[0m
[36m[2019-01-28 15:19:33,881] [log.py:93] [log:__console] [DEBUG]- è¾“å…¥ç›®çš„åœ°[0m
[32m[2019-01-28 15:19:35,116] [log.py:91] [log:__console] [INFO]- é€‰æ‹©å‡ºå‘æ—¥æœŸ[0m
[32m[2019-01-28 15:19:44,440] [log.py:91] [log:__console] [INFO]- æŸ¥è¯¢ä¿¡æ¯å¡«å†™å®Œæ¯•[0m
[32m[2019-01-28 15:19:49,491] [log.py:91] [log:__console] [INFO]- èˆªç­å·å¯¹åº”æ­£ç¡®ï¼Œè¿›è¡Œè´­ä¹°æ“ä½œ[0m
[32m[2019-01-28 15:19:58,231] [log.py:91] [log:__console] [INFO]- ç¡®è®¤èˆªç­ä¿¡æ¯[0m
[32m[2019-01-28 15:22:52,931] [log.py:91] [log:__console] [INFO]- åˆå§‹åŒ–webdriverå¯¹è±¡[0m
[32m[2019-01-28 15:23:22,261] [log.py:91] [log:__console] [INFO]- è¾“å…¥èˆªç­ä¿¡æ¯[0m
[36m[2019-01-28 15:23:29,571] [log.py:93] [log:__console] [DEBUG]- è¾“å…¥å‡ºå‘åœ°[0m
[36m[2019-01-28 15:23:37,801] [log.py:93] [log:__console] [DEBUG]- è¾“å…¥ç›®çš„åœ°[0m
[32m[2019-01-28 15:23:39,069] [log.py:91] [log:__console] [INFO]- é€‰æ‹©å‡ºå‘æ—¥æœŸ[0m
[32m[2019-01-28 15:23:49,389] [log.py:91] [log:__console] [INFO]- æŸ¥è¯¢ä¿¡æ¯å¡«å†™å®Œæ¯•[0m
[32m[2019-01-28 15:24:18,786] [log.py:91] [log:__console] [INFO]- åˆå§‹åŒ–webdriverå¯¹è±¡[0m
[32m[2019-01-28 15:24:38,989] [log.py:91] [log:__console] [INFO]- è¾“å…¥èˆªç­ä¿¡æ¯[0m
[36m[2019-01-28 15:24:46,310] [log.py:93] [log:__console] [DEBUG]- è¾“å…¥å‡ºå‘åœ°[0m
[36m[2019-01-28 15:24:54,516] [log.py:93] [log:__console] [DEBUG]- è¾“å…¥ç›®çš„åœ°[0m
[32m[2019-01-28 15:24:55,751] [log.py:91] [log:__console] [INFO]- é€‰æ‹©å‡ºå‘æ—¥æœŸ[0m
[32m[2019-01-28 15:25:07,686] [log.py:91] [log:__console] [INFO]- æŸ¥è¯¢ä¿¡æ¯å¡«å†™å®Œæ¯•[0m
[32m[2019-01-28 15:25:59,453] [log.py:91] [log:__console] [INFO]- åˆå§‹åŒ–webdriverå¯¹è±¡[0m
[32m[2019-01-28 15:26:31,925] [log.py:91] [log:__console] [INFO]- è¾“å…¥èˆªç­ä¿¡æ¯[0m
[36m[2019-01-28 15:26:39,258] [log.py:93] [log:__console] [DEBUG]- è¾“å…¥å‡ºå‘åœ°[0m
[31m[2019-01-28 15:26:52,112] [log.py:97] [log:__console] [ERROR]- å®šä½//*[@id="siteContent"]/div[4]/div[4]/ul/li[5]æ—¶ï¼Œç‚¹å‡»clickæ—¶å‡ºé”™ï¼Œé”™è¯¯ä¿¡æ¯ï¼šMessage: no such window: window was already closed
  (Session info: chrome=71.0.3578.98)
  (Driver info: chromedriver=2.44.609545 (c2f88692e98ce7233d2df7c724465ecacfe74df5),platform=Mac OS X 10.14.1 x86_64)
[0m
[36m[2019-01-28 15:26:52,112] [log.py:93] [log:__console] [DEBUG]- è¾“å…¥ç›®çš„åœ°[0m
[31m[2019-01-28 15:26:52,119] [log.py:97] [log:__console] [ERROR]- å®šä½//*[@id="departuredate"]æ—¶ï¼Œç‚¹å‡»clickæ—¶å‡ºé”™ï¼Œé”™è¯¯ä¿¡æ¯ï¼šMessage: no such window: window was already closed
  (Session info: chrome=71.0.3578.98)
  (Driver info: chromedriver=2.44.609545 (c2f88692e98ce7233d2df7c724465ecacfe74df5),platform=Mac OS X 10.14.1 x86_64)
[0m
[31m[2019-01-28 15:26:52,125] [log.py:97] [log:__console] [ERROR]- é€‰æ‹©å‡ºå‘æ—¥æœŸæ—¶å‘ç”Ÿé”™è¯¯ï¼Œé”™è¯¯ä¿¡æ¯ï¼šMessage: no such window: window was already closed
  (Session info: chrome=71.0.3578.98)
  (Driver info: chromedriver=2.44.609545 (c2f88692e98ce7233d2df7c724465ecacfe74df5),platform=Mac OS X 10.14.1 x86_64)
[0m
[31m[2019-01-28 15:26:52,131] [log.py:97] [log:__console] [ERROR]- å®šä½//*[@id="travellers"]æ—¶ï¼Œç‚¹å‡»clickæ—¶å‡ºé”™ï¼Œé”™è¯¯ä¿¡æ¯ï¼šMessage: no such window: window was already closed
  (Session info: chrome=71.0.3578.98)
  (Driver info: chromedriver=2.44.609545 (c2f88692e98ce7233d2df7c724465ecacfe74df5),platform=Mac OS X 10.14.1 x86_64)
[0m
[31m[2019-01-28 15:26:52,137] [log.py:97] [log:__console] [ERROR]- å®šä½//*[@id="siteContent"]/div[6]/div[2]/div/div[1]æ—¶ï¼Œç‚¹å‡»clickæ—¶å‡ºé”™ï¼Œé”™è¯¯ä¿¡æ¯ï¼šMessage: no such window: window was already closed
  (Session info: chrome=71.0.3578.98)
  (Driver info: chromedriver=2.44.609545 (c2f88692e98ce7233d2df7c724465ecacfe74df5),platform=Mac OS X 10.14.1 x86_64)
[0m
[31m[2019-01-28 15:26:52,143] [log.py:97] [log:__console] [ERROR]- å®šä½//*[@id="siteContent"]/div[6]/div[3]/div/div[1]æ—¶ï¼Œç‚¹å‡»clickæ—¶å‡ºé”™ï¼Œé”™è¯¯ä¿¡æ¯ï¼šMessage: no such window: window was already closed
  (Session info: chrome=71.0.3578.98)
  (Driver info: chromedriver=2.44.609545 (c2f88692e98ce7233d2df7c724465ecacfe74df5),platform=Mac OS X 10.14.1 x86_64)
[0m
[31m[2019-01-28 15:26:52,150] [log.py:97] [log:__console] [ERROR]- å®šä½//*[@id="incInfant"]æ—¶ï¼Œç‚¹å‡»clickæ—¶å‡ºé”™ï¼Œé”™è¯¯ä¿¡æ¯ï¼šMessage: no such window: window was already closed
  (Session info: chrome=71.0.3578.98)
  (Driver info: chromedriver=2.44.609545 (c2f88692e98ce7233d2df7c724465ecacfe74df5),platform=Mac OS X 10.14.1 x86_64)
[0m
[31m[2019-01-28 15:26:52,156] [log.py:97] [log:__console] [ERROR]- å®šä½//*[@id="setTravellerData"]æ—¶ï¼Œç‚¹å‡»clickæ—¶å‡ºé”™ï¼Œé”™è¯¯ä¿¡æ¯ï¼šMessage: no such window: window was already closed
  (Session info: chrome=71.0.3578.98)
  (Driver info: chromedriver=2.44.609545 (c2f88692e98ce7233d2df7c724465ecacfe74df5),platform=Mac OS X 10.14.1 x86_64)
[0m
[31m[2019-01-28 15:26:52,166] [log.py:97] [log:__console] [ERROR]- å®šä½//*[@id="SearchViewControlGroupFlightSelection_SearchViewFlightSearchControl_ButtonSubmit"]æ—¶ï¼Œç‚¹å‡»clickæ—¶å‡ºé”™ï¼Œé”™è¯¯ä¿¡æ¯ï¼šMessage: no such window: window was already closed
  (Session info: chrome=71.0.3578.98)
  (Driver info: chromedriver=2.44.609545 (c2f88692e98ce7233d2df7c724465ecacfe74df5),platform=Mac OS X 10.14.1 x86_64)
[0m
[32m[2019-01-28 15:26:52,169] [log.py:91] [log:__console] [INFO]- æŸ¥è¯¢ä¿¡æ¯å¡«å†™å®Œæ¯•[0m
[32m[2019-01-28 15:27:07,509] [log.py:91] [log:__console] [INFO]- åˆå§‹åŒ–webdriverå¯¹è±¡[0m
[32m[2019-01-28 15:27:19,497] [log.py:91] [log:__console] [INFO]- è¾“å…¥èˆªç­ä¿¡æ¯[0m
[36m[2019-01-28 15:27:26,891] [log.py:93] [log:__console] [DEBUG]- è¾“å…¥å‡ºå‘åœ°[0m
[36m[2019-01-28 15:27:35,516] [log.py:93] [log:__console] [DEBUG]- è¾“å…¥ç›®çš„åœ°[0m
[32m[2019-01-28 15:27:36,747] [log.py:91] [log:__console] [INFO]- é€‰æ‹©å‡ºå‘æ—¥æœŸ[0m
[32m[2019-01-28 15:27:47,266] [log.py:91] [log:__console] [INFO]- æŸ¥è¯¢ä¿¡æ¯å¡«å†™å®Œæ¯•[0m
[32m[2019-01-28 15:27:52,319] [log.py:91] [log:__console] [INFO]- èˆªç­å·å¯¹åº”æ­£ç¡®ï¼Œè¿›è¡Œè´­ä¹°æ“ä½œ[0m
[32m[2019-01-28 15:28:02,673] [log.py:91] [log:__console] [INFO]- ç¡®è®¤èˆªç­ä¿¡æ¯[0m
[32m[2019-01-28 15:29:08,542] [log.py:91] [log:__console] [INFO]- åˆå§‹åŒ–webdriverå¯¹è±¡[0m
[32m[2019-01-28 15:34:29,661] [log.py:91] [log:__console] [INFO]- è¾“å…¥èˆªç­ä¿¡æ¯[0m
[36m[2019-01-28 15:34:37,055] [log.py:93] [log:__console] [DEBUG]- è¾“å…¥å‡ºå‘åœ°[0m
[36m[2019-01-28 15:34:45,243] [log.py:93] [log:__console] [DEBUG]- è¾“å…¥ç›®çš„åœ°[0m
[32m[2019-01-28 15:34:46,549] [log.py:91] [log:__console] [INFO]- é€‰æ‹©å‡ºå‘æ—¥æœŸ[0m
[32m[2019-01-28 15:35:03,577] [log.py:91] [log:__console] [INFO]- æŸ¥è¯¢ä¿¡æ¯å¡«å†™å®Œæ¯•[0m
[32m[2019-01-28 15:35:08,634] [log.py:91] [log:__console] [INFO]- èˆªç­å·å¯¹åº”æ­£ç¡®ï¼Œè¿›è¡Œè´­ä¹°æ“ä½œ[0m
[32m[2019-01-28 15:35:18,494] [log.py:91] [log:__console] [INFO]- ç¡®è®¤èˆªç­ä¿¡æ¯[0m
[31m[2019-01-28 15:35:37,795] [log.py:97] [log:__console] [ERROR]- å®šä½//*[@id="BAGGROUP_FLIGHT_0_PAX_1_BAG_1"]/div[1]/label[1]æ—¶ï¼Œç‚¹å‡»clickæ—¶å‡ºé”™ï¼Œé”™è¯¯ä¿¡æ¯ï¼šMessage: element not interactable
  (Session info: chrome=71.0.3578.98)
  (Driver info: chromedriver=2.44.609545 (c2f88692e98ce7233d2df7c724465ecacfe74df5),platform=Mac OS X 10.14.1 x86_64)
[0m
[32m[2019-01-28 15:36:20,019] [log.py:91] [log:__console] [INFO]- åˆå§‹åŒ–webdriverå¯¹è±¡[0m
[32m[2019-01-28 15:36:41,067] [log.py:91] [log:__console] [INFO]- è¾“å…¥èˆªç­ä¿¡æ¯[0m
[36m[2019-01-28 15:36:48,437] [log.py:93] [log:__console] [DEBUG]- è¾“å…¥å‡ºå‘åœ°[0m
[36m[2019-01-28 15:36:56,664] [log.py:93] [log:__console] [DEBUG]- è¾“å…¥ç›®çš„åœ°[0m
[32m[2019-01-28 15:36:57,918] [log.py:91] [log:__console] [INFO]- é€‰æ‹©å‡ºå‘æ—¥æœŸ[0m
[32m[2019-01-28 15:37:07,759] [log.py:91] [log:__console] [INFO]- æŸ¥è¯¢ä¿¡æ¯å¡«å†™å®Œæ¯•[0m
[32m[2019-01-28 15:37:12,820] [log.py:91] [log:__console] [INFO]- èˆªç­å·å¯¹åº”æ­£ç¡®ï¼Œè¿›è¡Œè´­ä¹°æ“ä½œ[0m
[32m[2019-01-28 15:37:22,816] [log.py:91] [log:__console] [INFO]- ç¡®è®¤èˆªç­ä¿¡æ¯[0m
[32m[2019-01-28 15:40:09,869] [log.py:91] [log:__console] [INFO]- åˆå§‹åŒ–webdriverå¯¹è±¡[0m
[32m[2019-01-28 15:40:24,780] [log.py:91] [log:__console] [INFO]- è¾“å…¥èˆªç­ä¿¡æ¯[0m
[36m[2019-01-28 15:40:32,154] [log.py:93] [log:__console] [DEBUG]- è¾“å…¥å‡ºå‘åœ°[0m
[32m[2019-01-28 15:41:06,410] [log.py:91] [log:__console] [INFO]- åˆå§‹åŒ–webdriverå¯¹è±¡[0m
[32m[2019-01-28 15:41:07,487] [log.py:91] [log:__console] [INFO]- è¾“å…¥èˆªç­ä¿¡æ¯[0m
[36m[2019-01-28 15:41:19,917] [log.py:93] [log:__console] [DEBUG]- è¾“å…¥å‡ºå‘åœ°[0m
[31m[2019-01-28 15:41:21,961] [log.py:97] [log:__console] [ERROR]- å®šä½//*[@id="destination"]æ—¶ï¼Œç‚¹å‡»clickæ—¶å‡ºé”™ï¼Œé”™è¯¯ä¿¡æ¯ï¼šMessage: element not interactable
  (Session info: chrome=71.0.3578.98)
  (Driver info: chromedriver=2.44.609545 (c2f88692e98ce7233d2df7c724465ecacfe74df5),platform=Mac OS X 10.14.1 x86_64)
[0m
[31m[2019-01-28 15:41:21,991] [log.py:97] [log:__console] [ERROR]- å®šä½//*[@id="siteContent"]/div[4]/div[3]/div/inputæ—¶ï¼Œå¡«å†™DBVæ—¶å‡ºé”™ï¼Œé”™è¯¯ä¿¡æ¯ï¼šMessage: element not interactable
  (Session info: chrome=71.0.3578.98)
  (Driver info: chromedriver=2.44.609545 (c2f88692e98ce7233d2df7c724465ecacfe74df5),platform=Mac OS X 10.14.1 x86_64)
[0m
[32m[2019-01-28 15:41:44,810] [log.py:91] [log:__console] [INFO]- åˆå§‹åŒ–webdriverå¯¹è±¡[0m
[32m[2019-01-28 15:41:45,899] [log.py:91] [log:__console] [INFO]- è¾“å…¥èˆªç­ä¿¡æ¯[0m
[36m[2019-01-28 15:41:53,225] [log.py:93] [log:__console] [DEBUG]- è¾“å…¥å‡ºå‘åœ°[0m
[36m[2019-01-28 15:42:01,417] [log.py:93] [log:__console] [DEBUG]- è¾“å…¥ç›®çš„åœ°[0m
[32m[2019-01-28 15:42:02,683] [log.py:91] [log:__console] [INFO]- é€‰æ‹©å‡ºå‘æ—¥æœŸ[0m
[32m[2019-01-28 15:42:12,545] [log.py:91] [log:__console] [INFO]- æŸ¥è¯¢ä¿¡æ¯å¡«å†™å®Œæ¯•[0m
[32m[2019-01-28 15:42:17,604] [log.py:91] [log:__console] [INFO]- èˆªç­å·å¯¹åº”æ­£ç¡®ï¼Œè¿›è¡Œè´­ä¹°æ“ä½œ[0m
[32m[2019-01-28 15:42:27,317] [log.py:91] [log:__console] [INFO]- ç¡®è®¤èˆªç­ä¿¡æ¯[0m
[32m[2019-01-28 15:49:53,695] [log.py:91] [log:__console] [INFO]- åˆå§‹åŒ–webdriverå¯¹è±¡[0m
[32m[2019-01-28 15:49:54,779] [log.py:91] [log:__console] [INFO]- è¾“å…¥èˆªç­ä¿¡æ¯[0m
[36m[2019-01-28 15:50:02,167] [log.py:93] [log:__console] [DEBUG]- è¾“å…¥å‡ºå‘åœ°[0m
[36m[2019-01-28 15:50:10,403] [log.py:93] [log:__console] [DEBUG]- è¾“å…¥ç›®çš„åœ°[0m
[32m[2019-01-28 15:50:11,650] [log.py:91] [log:__console] [INFO]- é€‰æ‹©å‡ºå‘æ—¥æœŸ[0m
[32m[2019-01-28 15:50:44,358] [log.py:91] [log:__console] [INFO]- æŸ¥è¯¢ä¿¡æ¯å¡«å†™å®Œæ¯•[0m
[32m[2019-01-28 15:50:49,426] [log.py:91] [log:__console] [INFO]- èˆªç­å·å¯¹åº”æ­£ç¡®ï¼Œè¿›è¡Œè´­ä¹°æ“ä½œ[0m
[32m[2019-01-28 15:51:00,387] [log.py:91] [log:__console] [INFO]- ç¡®è®¤èˆªç­ä¿¡æ¯[0m
[31m[2019-01-28 15:54:08,470] [log.py:97] [log:__console] [ERROR]- å®šä½//*[@id="BAGGROUP_FLIGHT_0_PAX_0_BAG_1"]/div[2]/a[2]æ—¶ï¼Œç‚¹å‡»clickæ—¶å‡ºé”™ï¼Œé”™è¯¯ä¿¡æ¯ï¼šMessage: element not interactable
  (Session info: chrome=71.0.3578.98)
  (Driver info: chromedriver=2.44.609545 (c2f88692e98ce7233d2df7c724465ecacfe74df5),platform=Mac OS X 10.14.1 x86_64)
[0m
[31m[2019-01-28 15:54:08,493] [log.py:97] [log:__console] [ERROR]- å®šä½//*[@id="siteContent"]/div[2]/div[3]/button[1]æ—¶ï¼Œç‚¹å‡»clickæ—¶å‡ºé”™ï¼Œé”™è¯¯ä¿¡æ¯ï¼šMessage: element not interactable
  (Session info: chrome=71.0.3578.98)
  (Driver info: chromedriver=2.44.609545 (c2f88692e98ce7233d2df7c724465ecacfe74df5),platform=Mac OS X 10.14.1 x86_64)
[0m
[31m[2019-01-28 15:54:14,244] [log.py:97] [log:__console] [ERROR]- å®šä½//*[@id="siteContent"]/div[1]/a[3]æ—¶ï¼Œç‚¹å‡»clickæ—¶å‡ºé”™ï¼Œé”™è¯¯ä¿¡æ¯ï¼šMessage: element not interactable
  (Session info: chrome=71.0.3578.98)
  (Driver info: chromedriver=2.44.609545 (c2f88692e98ce7233d2df7c724465ecacfe74df5),platform=Mac OS X 10.14.1 x86_64)
[0m
[32m[2019-01-28 15:58:26,480] [log.py:91] [log:__console] [INFO]- åˆå§‹åŒ–webdriverå¯¹è±¡[0m
[32m[2019-01-28 15:58:27,591] [log.py:91] [log:__console] [INFO]- è¾“å…¥èˆªç­ä¿¡æ¯[0m
[36m[2019-01-28 15:58:34,994] [log.py:93] [log:__console] [DEBUG]- è¾“å…¥å‡ºå‘åœ°[0m
[36m[2019-01-28 15:58:43,229] [log.py:93] [log:__console] [DEBUG]- è¾“å…¥ç›®çš„åœ°[0m
[32m[2019-01-28 15:58:44,565] [log.py:91] [log:__console] [INFO]- é€‰æ‹©å‡ºå‘æ—¥æœŸ[0m
[32m[2019-01-28 15:58:55,041] [log.py:91] [log:__console] [INFO]- æŸ¥è¯¢ä¿¡æ¯å¡«å†™å®Œæ¯•[0m
[32m[2019-01-28 15:59:00,094] [log.py:91] [log:__console] [INFO]- èˆªç­å·å¯¹åº”æ­£ç¡®ï¼Œè¿›è¡Œè´­ä¹°æ“ä½œ[0m
[32m[2019-01-28 15:59:11,759] [log.py:91] [log:__console] [INFO]- ç¡®è®¤èˆªç­ä¿¡æ¯[0m
[31m[2019-01-28 15:59:48,326] [log.py:97] [log:__console] [ERROR]- å®šä½//*[@id="siteContent"]/div[2]/div[3]/button[1]æ—¶ï¼Œç‚¹å‡»clickæ—¶å‡ºé”™ï¼Œé”™è¯¯ä¿¡æ¯ï¼šMessage: element not interactable
  (Session info: chrome=71.0.3578.98)
  (Driver info: chromedriver=2.44.609545 (c2f88692e98ce7233d2df7c724465ecacfe74df5),platform=Mac OS X 10.14.1 x86_64)
[0m
[31m[2019-01-28 16:00:01,105] [log.py:97] [log:__console] [ERROR]- å®šä½//*[@id="siteContent"]/div[1]/a[3]æ—¶ï¼Œç‚¹å‡»clickæ—¶å‡ºé”™ï¼Œé”™è¯¯ä¿¡æ¯ï¼šMessage: element not interactable
  (Session info: chrome=71.0.3578.98)
  (Driver info: chromedriver=2.44.609545 (c2f88692e98ce7233d2df7c724465ecacfe74df5),platform=Mac OS X 10.14.1 x86_64)
[0m
[31m[2019-01-28 16:00:07,224] [log.py:97] [log:__console] [ERROR]- å®šä½//*[@id="BAGGROUP_FLIGHT_0_PAX_2_BAG_1"]/div[1]/label[2]æ—¶ï¼Œç‚¹å‡»clickæ—¶å‡ºé”™ï¼Œé”™è¯¯ä¿¡æ¯ï¼šMessage: element not interactable
  (Session info: chrome=71.0.3578.98)
  (Driver info: chromedriver=2.44.609545 (c2f88692e98ce7233d2df7c724465ecacfe74df5),platform=Mac OS X 10.14.1 x86_64)
[0m
[31m[2019-01-28 16:00:08,268] [log.py:97] [log:__console] [ERROR]- å®šä½//*[@id="BAGGROUP_FLIGHT_0_PAX_2_BAG_1"]/div[2]/a[2]æ—¶ï¼Œç‚¹å‡»clickæ—¶å‡ºé”™ï¼Œé”™è¯¯ä¿¡æ¯ï¼šMessage: element not interactable
  (Session info: chrome=71.0.3578.98)
  (Driver info: chromedriver=2.44.609545 (c2f88692e98ce7233d2df7c724465ecacfe74df5),platform=Mac OS X 10.14.1 x86_64)
[0m
[31m[2019-01-28 16:00:08,287] [log.py:97] [log:__console] [ERROR]- å®šä½//*[@id="BAGGROUP_FLIGHT_0_PAX_2_BAG_1"]/div[1]/label[2]æ—¶ï¼Œç‚¹å‡»clickæ—¶å‡ºé”™ï¼Œé”™è¯¯ä¿¡æ¯ï¼šMessage: element not interactable
  (Session info: chrome=71.0.3578.98)
  (Driver info: chromedriver=2.44.609545 (c2f88692e98ce7233d2df7c724465ecacfe74df5),platform=Mac OS X 10.14.1 x86_64)
[0m
[31m[2019-01-28 16:00:08,309] [log.py:97] [log:__console] [ERROR]- å®šä½//*[@id="siteContent"]/div[2]/div[3]/button[1]æ—¶ï¼Œç‚¹å‡»clickæ—¶å‡ºé”™ï¼Œé”™è¯¯ä¿¡æ¯ï¼šMessage: element not interactable
  (Session info: chrome=71.0.3578.98)
  (Driver info: chromedriver=2.44.609545 (c2f88692e98ce7233d2df7c724465ecacfe74df5),platform=Mac OS X 10.14.1 x86_64)
[0m
