[32m[2019-01-31 08:52:03,883] [log.py:91] [log:__console] [INFO]- è·å–ä»»åŠ¡å¯¹åº”ä¿¡æ¯[0m
[32m[2019-01-31 08:52:03,890] [log.py:91] [log:__console] [INFO]- è·å–åˆ°æ€»ä»·æ ¼ï¼š6120[0m
[32m[2019-01-31 08:52:03,893] [log.py:91] [log:__console] [INFO]- è·å–åˆ°æ”¯ä»˜è´§å¸çš„å¸ç§[0m
[32m[2019-01-31 08:52:03,942] [log.py:91] [log:__console] [INFO]- è®°å½•èˆªç­èµ·é£è½åœ°æ—¶é—´[0m
[32m[2019-01-31 08:52:03,953] [log.py:91] [log:__console] [INFO]- è·å–ä¹˜å®¢åŸºæœ¬ä¿¡æ¯[0m
[32m[2019-01-31 08:52:03,954] [log.py:91] [log:__console] [INFO]- ä¿®æ”¹pnrçŠ¶æ€ä¸ºconfirm[0m
[32m[2019-01-31 08:52:03,961] [log.py:91] [log:__console] [INFO]- è·å–ä¹˜å®¢çš„è¡Œæä¿¡æ¯[0m
[32m[2019-01-31 08:52:03,962] [log.py:91] [log:__console] [INFO]- å›å¡«æ•°æ®ï¼š{'taskStatus': 'Y', 'id': 1504335, 'taskType': 2, 'taskSource': 1, 'taskId': 61612, 'status': 1, 'pathStatus': 0, 'pnrStatus': 'confirm', 'msg': 'æˆåŠŸ', 'source': 2, 'carrier': 'MM', 'orderCode': 'CTR_93a714eddbea4e35962cfbbe248d50da', 'orderNo': '390036734', 'depCity': 'HKG', 'arrCity': 'KIX', 'fromDate': '2019-02-01', 'retDate': None, 'flightNumber': 'MM068', 'tripType': 1, 'name': 'CHAN/ESTHERHIULAM', 'email': 'letaohangkong@163.com', 'accountType': '0', 'loginAccount': None, 'loginPassword': None, 'pnr': 'EQ98Q3', 'price': 6120, 'baggagePrice': 0, 'cur': 'HKD', 'path': None, 'fromSegments': [{'segmentindex': 1, 'dep': 'HKG', 'arr': 'KIX', 'depDate': '201902010125', 'arrDate': '201902010550', 'carrier': 'MM', 'flightNumber': 'MM068'}], 'retSegments': None, 'passengers': [{'name': 'CHAN/GRACEHIUYAN', 'gender': 'F', 'birthday': '20010503', 'nationality': 'TW'}, {'name': 'CHAN/ESTHERHIULAM', 'gender': 'F', 'birthday': '20000102', 'nationality': 'TW'}, {'name': 'CHEN/HSIENHUNG', 'gender': 'F', 'birthday': '19671025', 'nationality': 'TW'}], 'baggages': [], 'updateTime': 1548868364000, 'createTime': 1548868035000}[0m
[32m[2019-01-31 08:56:12,837] [log.py:91] [log:__console] [INFO]- è·å–ä»»åŠ¡å¯¹åº”ä¿¡æ¯[0m
[32m[2019-01-31 08:56:12,845] [log.py:91] [log:__console] [INFO]- è·å–åˆ°æ€»ä»·æ ¼ï¼š6120[0m
[32m[2019-01-31 08:56:12,846] [log.py:91] [log:__console] [INFO]- è·å–åˆ°æ”¯ä»˜è´§å¸çš„å¸ç§[0m
[32m[2019-01-31 08:56:12,885] [log.py:91] [log:__console] [INFO]- è®°å½•èˆªç­èµ·é£è½åœ°æ—¶é—´[0m
[32m[2019-01-31 08:56:12,895] [log.py:91] [log:__console] [INFO]- è·å–ä¹˜å®¢åŸºæœ¬ä¿¡æ¯[0m
[32m[2019-01-31 08:56:12,896] [log.py:91] [log:__console] [INFO]- ä¿®æ”¹pnrçŠ¶æ€ä¸ºconfirm[0m
[32m[2019-01-31 08:56:12,901] [log.py:91] [log:__console] [INFO]- è·å–ä¹˜å®¢çš„è¡Œæä¿¡æ¯[0m
[32m[2019-01-31 08:56:12,902] [log.py:91] [log:__console] [INFO]- å›å¡«æ•°æ®ï¼š{'taskStatus': 'Y', 'id': 1504335, 'taskType': 2, 'taskSource': 1, 'taskId': 61612, 'status': 1, 'pathStatus': 0, 'pnrStatus': 'confirm', 'msg': 'æˆåŠŸ', 'source': 2, 'carrier': 'MM', 'orderCode': 'CTR_93a714eddbea4e35962cfbbe248d50da', 'orderNo': '390036734', 'depCity': 'HKG', 'arrCity': 'KIX', 'fromDate': '2019-02-01', 'retDate': None, 'flightNumber': 'MM068', 'tripType': 1, 'name': 'CHAN/ESTHERHIULAM', 'email': 'letaohangkong@163.com', 'accountType': '0', 'loginAccount': None, 'loginPassword': None, 'pnr': 'EQ98Q3', 'price': 6120, 'baggagePrice': 0, 'cur': 'HKD', 'path': None, 'fromSegments': [{'segmentindex': 1, 'dep': 'HKG', 'arr': 'KIX', 'depDate': '201902010125', 'arrDate': '201902010550', 'carrier': 'MM', 'flightNumber': 'MM068'}], 'retSegments': None, 'passengers': [{'name': 'CHAN/GRACEHIUYAN', 'gender': 'F', 'birthday': '20010503', 'nationality': 'TW'}, {'name': 'CHAN/ESTHERHIULAM', 'gender': 'F', 'birthday': '20000102', 'nationality': 'TW'}, {'name': 'CHEN/HSIENHUNG', 'gender': 'F', 'birthday': '19671025', 'nationality': 'TW'}], 'baggages': [], 'updateTime': 1548868364000, 'createTime': 1548868035000}[0m
[32m[2019-01-31 08:56:49,091] [log.py:91] [log:__console] [INFO]- è·å–ä»»åŠ¡å¯¹åº”ä¿¡æ¯[0m
[31m[2019-01-31 08:56:49,093] [log.py:97] [log:__console] [ERROR]- è·å–æ€»ä»·æ ¼å¤±è´¥ï¼Œé”™è¯¯ä¿¡æ¯ä¸º'NoneType' object has no attribute 'group'[0m
[32m[2019-01-31 08:56:49,094] [log.py:91] [log:__console] [INFO]- è·å–åˆ°æ”¯ä»˜è´§å¸çš„å¸ç§[0m
[32m[2019-01-31 08:56:49,106] [log.py:91] [log:__console] [INFO]- è®°å½•èˆªç­èµ·é£è½åœ°æ—¶é—´[0m
[32m[2019-01-31 08:56:49,112] [log.py:91] [log:__console] [INFO]- è·å–ä¹˜å®¢åŸºæœ¬ä¿¡æ¯[0m
[32m[2019-01-31 08:56:49,112] [log.py:91] [log:__console] [INFO]- ä¿®æ”¹pnrçŠ¶æ€ä¸ºconfirm[0m
[32m[2019-01-31 08:56:49,115] [log.py:91] [log:__console] [INFO]- è·å–ä¹˜å®¢çš„è¡Œæä¿¡æ¯[0m
[32m[2019-01-31 08:56:49,116] [log.py:91] [log:__console] [INFO]- å›å¡«æ•°æ®ï¼š{'taskStatus': 'N', 'id': 1495763, 'taskType': 2, 'taskSource': 0, 'taskId': None, 'status': 1, 'pathStatus': 0, 'pnrStatus': 'confirm', 'msg': 'è·å–ä¿¡æ¯å¤±è´¥', 'source': 2, 'carrier': 'MM', 'orderCode': 'CTR_e4404a2cc1ce4d66a33290144842b3aa', 'orderNo': '369397913', 'depCity': 'KIX', 'arrCity': 'HKG', 'fromDate': '2019-01-30', 'retDate': None, 'flightNumber': 'MM067', 'tripType': 1, 'name': 'LIANG/YAOBIN', 'email': '', 'accountType': '0', 'loginAccount': '', 'loginPassword': '', 'pnr': 'EJTQV5', 'price': 0.0, 'baggagePrice': 0, 'cur': 'JPY', 'path': None, 'fromSegments': [{'segmentindex': 1, 'dep': 'KIX', 'arr': 'HKG', 'depDate': '201901302110', 'arrDate': '201901310040', 'carrier': 'MM', 'flightNumber': 'MM067'}], 'retSegments': None, 'passengers': [{'name': 'LIANG/JUNQI', 'gender': 'M', 'birthday': '20071215', 'nationality': 'CN'}, {'name': 'LIANG/YAOBIN', 'gender': 'M', 'birthday': '19770929', 'nationality': 'CN'}], 'baggages': [], 'updateTime': 1548691545000, 'createTime': 1548691211000}[0m
[32m[2019-01-31 08:57:16,382] [log.py:91] [log:__console] [INFO]- è·å–ä»»åŠ¡å¯¹åº”ä¿¡æ¯[0m
[31m[2019-01-31 08:57:16,383] [log.py:97] [log:__console] [ERROR]- è·å–æ€»ä»·æ ¼å¤±è´¥ï¼Œé”™è¯¯ä¿¡æ¯ä¸º'NoneType' object has no attribute 'group'[0m
[32m[2019-01-31 08:57:16,384] [log.py:91] [log:__console] [INFO]- è·å–åˆ°æ”¯ä»˜è´§å¸çš„å¸ç§[0m
[32m[2019-01-31 08:57:16,395] [log.py:91] [log:__console] [INFO]- è®°å½•èˆªç­èµ·é£è½åœ°æ—¶é—´[0m
[32m[2019-01-31 08:57:16,401] [log.py:91] [log:__console] [INFO]- è·å–ä¹˜å®¢åŸºæœ¬ä¿¡æ¯[0m
[32m[2019-01-31 08:57:16,401] [log.py:91] [log:__console] [INFO]- ä¿®æ”¹pnrçŠ¶æ€ä¸ºconfirm[0m
[32m[2019-01-31 08:57:16,404] [log.py:91] [log:__console] [INFO]- è·å–ä¹˜å®¢çš„è¡Œæä¿¡æ¯[0m
[32m[2019-01-31 08:57:16,405] [log.py:91] [log:__console] [INFO]- å›å¡«æ•°æ®ï¼š{'taskStatus': 'N', 'id': 1495763, 'taskType': 2, 'taskSource': 0, 'taskId': None, 'status': 1, 'pathStatus': 0, 'pnrStatus': 'confirm', 'msg': 'è·å–ä¿¡æ¯å¤±è´¥', 'source': 2, 'carrier': 'MM', 'orderCode': 'CTR_e4404a2cc1ce4d66a33290144842b3aa', 'orderNo': '369397913', 'depCity': 'KIX', 'arrCity': 'HKG', 'fromDate': '2019-01-30', 'retDate': None, 'flightNumber': 'MM067', 'tripType': 1, 'name': 'LIANG/YAOBIN', 'email': '', 'accountType': '0', 'loginAccount': '', 'loginPassword': '', 'pnr': 'EJTQV5', 'price': 0.0, 'baggagePrice': 0, 'cur': 'JPY', 'path': None, 'fromSegments': [{'segmentindex': 1, 'dep': 'KIX', 'arr': 'HKG', 'depDate': '201901302110', 'arrDate': '201901310040', 'carrier': 'MM', 'flightNumber': 'MM067'}], 'retSegments': None, 'passengers': [{'name': 'LIANG/YAOBIN', 'gender': 'M', 'birthday': '19770929', 'nationality': 'CN'}, {'name': 'LIANG/JUNQI', 'gender': 'M', 'birthday': '20071215', 'nationality': 'CN'}], 'baggages': [], 'updateTime': 1548691545000, 'createTime': 1548691211000}[0m
[32m[2019-01-31 08:59:27,102] [log.py:91] [log:__console] [INFO]- è·å–ä»»åŠ¡å¯¹åº”ä¿¡æ¯[0m
[31m[2019-01-31 08:59:27,105] [log.py:97] [log:__console] [ERROR]- è·å–æ€»ä»·æ ¼å¤±è´¥ï¼Œé”™è¯¯ä¿¡æ¯ä¸º'NoneType' object has no attribute 'group'[0m
[32m[2019-01-31 08:59:27,106] [log.py:91] [log:__console] [INFO]- è·å–åˆ°æ”¯ä»˜è´§å¸çš„å¸ç§[0m
[32m[2019-01-31 08:59:27,118] [log.py:91] [log:__console] [INFO]- è®°å½•èˆªç­èµ·é£è½åœ°æ—¶é—´[0m
[32m[2019-01-31 08:59:27,122] [log.py:91] [log:__console] [INFO]- è·å–ä¹˜å®¢åŸºæœ¬ä¿¡æ¯[0m
[32m[2019-01-31 08:59:27,123] [log.py:91] [log:__console] [INFO]- ä¿®æ”¹pnrçŠ¶æ€ä¸ºconfirm[0m
[32m[2019-01-31 08:59:27,126] [log.py:91] [log:__console] [INFO]- è·å–ä¹˜å®¢çš„è¡Œæä¿¡æ¯[0m
[32m[2019-01-31 08:59:27,126] [log.py:91] [log:__console] [INFO]- å›å¡«æ•°æ®ï¼š{'taskStatus': 'N', 'id': 1495762, 'taskType': 2, 'taskSource': 0, 'taskId': None, 'status': 1, 'pathStatus': 0, 'pnrStatus': 'confirm', 'msg': 'è·å–ä¿¡æ¯å¤±è´¥', 'source': 2, 'carrier': 'MM', 'orderCode': 'CTR_73c6709e234c4dc291c2fd7fc1111bed', 'orderNo': '369391145', 'depCity': 'KIX', 'arrCity': 'ICN', 'fromDate': '2019-01-30', 'retDate': None, 'flightNumber': 'MM011', 'tripType': 1, 'name': 'JEON/HYEJIN', 'email': '', 'accountType': '0', 'loginAccount': '', 'loginPassword': '', 'pnr': '6Q85CQ', 'price': 0.0, 'baggagePrice': 0, 'cur': 'JPY', 'path': None, 'fromSegments': [{'segmentindex': 1, 'dep': 'KIX', 'arr': 'ICN', 'depDate': '201901301955', 'arrDate': '201901302155', 'carrier': 'MM', 'flightNumber': 'MM011'}], 'retSegments': None, 'passengers': [{'name': 'JEON/HYEJIN', 'gender': 'F', 'birthday': '19991107', 'nationality': 'KR'}], 'baggages': [], 'updateTime': 1548691541000, 'createTime': 1548691211000}[0m
[32m[2019-01-31 09:01:52,079] [log.py:91] [log:__console] [INFO]- è·å–ä»»åŠ¡å¯¹åº”ä¿¡æ¯[0m
[32m[2019-01-31 09:01:52,081] [log.py:91] [log:__console] [INFO]- è·å–åˆ°æ€»ä»·æ ¼ï¼š6120[0m
[32m[2019-01-31 09:01:52,082] [log.py:91] [log:__console] [INFO]- è·å–åˆ°æ”¯ä»˜è´§å¸çš„å¸ç§[0m
[32m[2019-01-31 09:01:52,122] [log.py:91] [log:__console] [INFO]- è®°å½•èˆªç­èµ·é£è½åœ°æ—¶é—´[0m
[32m[2019-01-31 09:01:52,133] [log.py:91] [log:__console] [INFO]- è·å–ä¹˜å®¢åŸºæœ¬ä¿¡æ¯[0m
[32m[2019-01-31 09:01:52,133] [log.py:91] [log:__console] [INFO]- ä¿®æ”¹pnrçŠ¶æ€ä¸ºconfirm[0m
[32m[2019-01-31 09:01:52,138] [log.py:91] [log:__console] [INFO]- è·å–ä¹˜å®¢çš„è¡Œæä¿¡æ¯[0m
[32m[2019-01-31 09:01:52,139] [log.py:91] [log:__console] [INFO]- å›å¡«æ•°æ®ï¼š{'taskStatus': 'Y', 'id': 1504335, 'taskType': 2, 'taskSource': 1, 'taskId': 61612, 'status': 1, 'pathStatus': 0, 'pnrStatus': 'confirm', 'msg': 'æˆåŠŸ', 'source': 2, 'carrier': 'MM', 'orderCode': 'CTR_93a714eddbea4e35962cfbbe248d50da', 'orderNo': '390036734', 'depCity': 'HKG', 'arrCity': 'KIX', 'fromDate': '2019-02-01', 'retDate': None, 'flightNumber': 'MM068', 'tripType': 1, 'name': 'CHAN/ESTHERHIULAM', 'email': 'letaohangkong@163.com', 'accountType': '0', 'loginAccount': None, 'loginPassword': None, 'pnr': 'EQ98Q3', 'price': 6120, 'baggagePrice': 0, 'cur': 'HKD', 'path': None, 'fromSegments': [{'segmentindex': 1, 'dep': 'HKG', 'arr': 'KIX', 'depDate': '201902010125', 'arrDate': '201902010550', 'carrier': 'MM', 'flightNumber': 'MM068'}], 'retSegments': None, 'passengers': [{'name': 'CHEN/HSIENHUNG', 'gender': 'F', 'birthday': '19671025', 'nationality': 'TW'}, {'name': 'CHAN/GRACEHIUYAN', 'gender': 'F', 'birthday': '20010503', 'nationality': 'TW'}, {'name': 'CHAN/ESTHERHIULAM', 'gender': 'F', 'birthday': '20000102', 'nationality': 'TW'}], 'baggages': [], 'updateTime': 1548868364000, 'createTime': 1548868035000}[0m
[32m[2019-01-31 09:07:18,148] [log.py:91] [log:__console] [INFO]- è·å–ä»»åŠ¡å¯¹åº”ä¿¡æ¯[0m
[32m[2019-01-31 09:07:18,157] [log.py:91] [log:__console] [INFO]- è·å–åˆ°æ€»ä»·æ ¼ï¼š13860[0m
[32m[2019-01-31 09:07:18,160] [log.py:91] [log:__console] [INFO]- è·å–åˆ°æ”¯ä»˜è´§å¸çš„å¸ç§[0m
[32m[2019-01-31 09:07:18,187] [log.py:91] [log:__console] [INFO]- è®°å½•èˆªç­èµ·é£è½åœ°æ—¶é—´[0m
[32m[2019-01-31 09:07:18,193] [log.py:91] [log:__console] [INFO]- è·å–ä¹˜å®¢åŸºæœ¬ä¿¡æ¯[0m
[32m[2019-01-31 09:07:18,194] [log.py:91] [log:__console] [INFO]- ä¿®æ”¹pnrçŠ¶æ€ä¸ºconfirm[0m
[32m[2019-01-31 09:07:18,198] [log.py:91] [log:__console] [INFO]- è·å–ä¹˜å®¢çš„è¡Œæä¿¡æ¯[0m
[32m[2019-01-31 09:07:18,198] [log.py:91] [log:__console] [INFO]- å›å¡«æ•°æ®ï¼š{'taskStatus': 'Y', 'id': 1503234, 'taskType': 2, 'taskSource': 0, 'taskId': None, 'status': 1, 'pathStatus': 0, 'pnrStatus': 'confirm', 'msg': 'æˆåŠŸ', 'source': 2, 'carrier': 'MM', 'orderCode': 'CTR_54ac76e13c3840419f89a2eda4d7d9b1', 'orderNo': '379751305', 'depCity': 'KIX', 'arrCity': 'HKG', 'fromDate': '2019-02-01', 'retDate': None, 'flightNumber': 'MM063', 'tripType': 1, 'name': 'ROSSA/ALBERTOSANTIAGO', 'email': '', 'accountType': '0', 'loginAccount': '', 'loginPassword': '', 'pnr': 'E8WN4T', 'price': 13860, 'baggagePrice': 0, 'cur': 'JPY', 'path': None, 'fromSegments': [{'segmentindex': 1, 'dep': 'KIX', 'arr': 'HKG', 'depDate': '201902010820', 'arrDate': '201902011150', 'carrier': 'MM', 'flightNumber': 'MM063'}], 'retSegments': None, 'passengers': [{'name': 'ROSSA/ALBERTOSANTIAGO', 'gender': 'M', 'birthday': '19450429', 'nationality': 'IT'}], 'baggages': [], 'updateTime': 1548865688000, 'createTime': 1548864019000}[0m
[32m[2019-01-31 09:56:38,756] [log.py:91] [log:__console] [INFO]- æ“ä½œæ­¥éª¤[0m
[33m[2019-01-31 09:56:38,759] [log.py:95] [log:__console] [WARNING]- ----æµ‹è¯•ç»“æŸ----[0m
[31m[2019-01-31 09:56:38,760] [log.py:97] [log:__console] [ERROR]- ----æµ‹è¯•é”™è¯¯----[0m
[32m[2019-01-31 09:58:19,718] [log.py:91] [log:__console] [INFO]- æ“ä½œæ­¥éª¤[0m
[33m[2019-01-31 09:58:19,719] [log.py:95] [log:__console] [WARNING]- ----æµ‹è¯•ç»“æŸ----[0m
[31m[2019-01-31 09:58:19,719] [log.py:97] [log:__console] [ERROR]- ----æµ‹è¯•é”™è¯¯----[0m
[36m[2019-01-31 09:58:56,176] [log.py:93] [log:__console] [DEBUG]- ---æµ‹è¯•å¼€å§‹----[0m
[36m[2019-01-31 09:59:08,840] [log.py:93] [log:__console] [DEBUG]- ---æµ‹è¯•å¼€å§‹----[0m
[32m[2019-01-31 09:59:08,841] [log.py:91] [log:__console] [INFO]- æ“ä½œæ­¥éª¤[0m
[33m[2019-01-31 09:59:08,842] [log.py:95] [log:__console] [WARNING]- ----æµ‹è¯•ç»“æŸ----[0m
[31m[2019-01-31 09:59:08,842] [log.py:97] [log:__console] [ERROR]- ----æµ‹è¯•é”™è¯¯----[0m
[32m[2019-01-31 10:54:09,093] [log.py:91] [log:__console] [INFO]- è·å–ä»»åŠ¡å¯¹åº”ä¿¡æ¯[0m
[32m[2019-01-31 10:54:09,097] [log.py:91] [log:__console] [INFO]- è·å–åˆ°æ€»ä»·æ ¼ï¼š13860[0m
[32m[2019-01-31 10:54:09,098] [log.py:91] [log:__console] [INFO]- è·å–åˆ°æ”¯ä»˜è´§å¸çš„å¸ç§[0m
[32m[2019-01-31 10:54:09,127] [log.py:91] [log:__console] [INFO]- è®°å½•èˆªç­èµ·é£è½åœ°æ—¶é—´[0m
[32m[2019-01-31 10:54:09,134] [log.py:91] [log:__console] [INFO]- è·å–ä¹˜å®¢åŸºæœ¬ä¿¡æ¯[0m
[32m[2019-01-31 10:54:09,135] [log.py:91] [log:__console] [INFO]- ä¿®æ”¹pnrçŠ¶æ€ä¸ºconfirm[0m
[32m[2019-01-31 10:54:09,140] [log.py:91] [log:__console] [INFO]- è·å–ä¹˜å®¢çš„è¡Œæä¿¡æ¯[0m
[32m[2019-01-31 10:54:09,140] [log.py:91] [log:__console] [INFO]- å›å¡«æ•°æ®ï¼š{'taskStatus': 'Y', 'id': 1503234, 'taskType': 2, 'taskSource': 0, 'taskId': None, 'status': 1, 'pathStatus': 0, 'pnrStatus': 'confirm', 'msg': 'æˆåŠŸ', 'source': 2, 'carrier': 'MM', 'orderCode': 'CTR_54ac76e13c3840419f89a2eda4d7d9b1', 'orderNo': '379751305', 'depCity': 'KIX', 'arrCity': 'HKG', 'fromDate': '2019-02-01', 'retDate': None, 'flightNumber': 'MM063', 'tripType': 1, 'name': 'ROSSA/ALBERTOSANTIAGO', 'email': '', 'accountType': '0', 'loginAccount': '', 'loginPassword': '', 'pnr': 'E8WN4T', 'price': 13860, 'baggagePrice': 0, 'cur': 'JPY', 'path': None, 'fromSegments': [{'segmentindex': 1, 'dep': 'KIX', 'arr': 'HKG', 'depDate': '201902010820', 'arrDate': '201902011150', 'carrier': 'MM', 'flightNumber': 'MM063'}], 'retSegments': None, 'passengers': [{'name': 'ROSSA/ALBERTOSANTIAGO', 'gender': 'M', 'birthday': '19450429', 'nationality': 'IT'}], 'baggages': [], 'updateTime': 1548865688000, 'createTime': 1548864019000}[0m
[31m[2019-01-31 11:03:52,765] [log.py:97] [log:__console] [ERROR]- è·å–èˆªç­ä¿¡æ¯å‡ºé”™ï¼Œé”™è¯¯ä¿¡æ¯ä¸ºï¼š-> 'str' object has no attribute 'get'[0m
[31m[2019-01-31 11:03:52,766] [log.py:97] [log:__console] [ERROR]- è·å–æ€»ä»·æ ¼å¤±è´¥ï¼Œé”™è¯¯ä¿¡æ¯ä¸º'AirMM' object has no attribute 'content'[0m
[31m[2019-01-31 11:03:52,767] [log.py:97] [log:__console] [ERROR]- è·å–å¸ç§å¤±è´¥ï¼Œé”™è¯¯ä¿¡æ¯æ˜¯ï¼š'AirMM' object has no attribute 'content'[0m
[31m[2019-01-31 11:04:25,160] [log.py:97] [log:__console] [ERROR]- è·å–èˆªç­ä¿¡æ¯å‡ºé”™ï¼Œé”™è¯¯ä¿¡æ¯ä¸ºï¼š-> 'str' object has no attribute 'get'[0m
[31m[2019-01-31 11:04:25,161] [log.py:97] [log:__console] [ERROR]- è·å–æ€»ä»·æ ¼å¤±è´¥ï¼Œé”™è¯¯ä¿¡æ¯ä¸º'AirMM' object has no attribute 'content'[0m
[31m[2019-01-31 11:04:25,161] [log.py:97] [log:__console] [ERROR]- è·å–å¸ç§å¤±è´¥ï¼Œé”™è¯¯ä¿¡æ¯æ˜¯ï¼š'AirMM' object has no attribute 'content'[0m
[31m[2019-01-31 11:04:40,118] [log.py:97] [log:__console] [ERROR]- è·å–èˆªç­ä¿¡æ¯å‡ºé”™ï¼Œé”™è¯¯ä¿¡æ¯ä¸ºï¼š-> 'str' object has no attribute 'get'[0m
[31m[2019-01-31 11:04:40,120] [log.py:97] [log:__console] [ERROR]- è·å–æ€»ä»·æ ¼å¤±è´¥ï¼Œé”™è¯¯ä¿¡æ¯ä¸º'AirMM' object has no attribute 'content'[0m
[31m[2019-01-31 11:04:40,120] [log.py:97] [log:__console] [ERROR]- è·å–å¸ç§å¤±è´¥ï¼Œé”™è¯¯ä¿¡æ¯æ˜¯ï¼š'AirMM' object has no attribute 'content'[0m
[32m[2019-01-31 11:08:44,858] [log.py:91] [log:__console] [INFO]- è·å–ä»»åŠ¡å¯¹åº”ä¿¡æ¯[0m
[32m[2019-01-31 11:08:44,865] [log.py:91] [log:__console] [INFO]- è·å–åˆ°æ€»ä»·æ ¼ï¼š13860[0m
[32m[2019-01-31 11:08:44,867] [log.py:91] [log:__console] [INFO]- è·å–åˆ°æ”¯ä»˜è´§å¸çš„å¸ç§[0m
[32m[2019-01-31 11:08:44,894] [log.py:91] [log:__console] [INFO]- è®°å½•èˆªç­èµ·é£è½åœ°æ—¶é—´[0m
[32m[2019-01-31 11:08:44,900] [log.py:91] [log:__console] [INFO]- è·å–ä¹˜å®¢åŸºæœ¬ä¿¡æ¯[0m
[32m[2019-01-31 11:08:44,900] [log.py:91] [log:__console] [INFO]- ä¿®æ”¹pnrçŠ¶æ€ä¸ºconfirm[0m
[32m[2019-01-31 11:08:44,904] [log.py:91] [log:__console] [INFO]- è·å–ä¹˜å®¢çš„è¡Œæä¿¡æ¯[0m
[32m[2019-01-31 11:08:44,905] [log.py:91] [log:__console] [INFO]- å›å¡«æ•°æ®ï¼š{'taskStatus': 'Y', 'id': 1503234, 'taskType': 2, 'taskSource': 0, 'taskId': None, 'status': 1, 'pathStatus': 0, 'pnrStatus': 'confirm', 'msg': 'æˆåŠŸ', 'source': 2, 'carrier': 'MM', 'orderCode': 'CTR_54ac76e13c3840419f89a2eda4d7d9b1', 'orderNo': '379751305', 'depCity': 'KIX', 'arrCity': 'HKG', 'fromDate': '2019-02-01', 'retDate': None, 'flightNumber': 'MM063', 'tripType': 1, 'name': 'ROSSA/ALBERTOSANTIAGO', 'email': '', 'accountType': '0', 'loginAccount': '', 'loginPassword': '', 'pnr': 'E8WN4T', 'price': 13860, 'baggagePrice': 0, 'cur': 'JPY', 'path': None, 'fromSegments': [{'segmentindex': 1, 'dep': 'KIX', 'arr': 'HKG', 'depDate': '201902010820', 'arrDate': '201902011150', 'carrier': 'MM', 'flightNumber': 'MM063'}], 'retSegments': None, 'passengers': [{'name': 'ROSSA/ALBERTOSANTIAGO', 'gender': 'M', 'birthday': '19450429', 'nationality': 'IT'}], 'baggages': [], 'updateTime': 1548865688000, 'createTime': 1548864019000}[0m
[32m[2019-01-31 12:49:21,086] [log.py:91] [log:__console] [INFO]- è·å–ä»»åŠ¡å¯¹åº”ä¿¡æ¯[0m
[32m[2019-01-31 12:49:21,090] [log.py:91] [log:__console] [INFO]- è·å–åˆ°æ€»ä»·æ ¼ï¼š13690[0m
[32m[2019-01-31 12:49:21,090] [log.py:91] [log:__console] [INFO]- è·å–åˆ°æ”¯ä»˜è´§å¸çš„å¸ç§[0m
[32m[2019-01-31 12:49:21,119] [log.py:91] [log:__console] [INFO]- è®°å½•èˆªç­èµ·é£è½åœ°æ—¶é—´[0m
[32m[2019-01-31 12:49:21,123] [log.py:91] [log:__console] [INFO]- è·å–ä¹˜å®¢æ€§åˆ«ï¼Œå›½ç±ï¼Œç”Ÿæ—¥é”™è¯¯[0m
[32m[2019-01-31 12:49:21,123] [log.py:91] [log:__console] [INFO]- ä¿®æ”¹pnrçŠ¶æ€ä¸ºconfirm[0m
[32m[2019-01-31 12:49:21,125] [log.py:91] [log:__console] [INFO]- è·å–ä¹˜å®¢çš„è¡Œæä¿¡æ¯[0m
[32m[2019-01-31 12:49:21,126] [log.py:91] [log:__console] [INFO]- å›å¡«æ•°æ®ï¼š{'taskStatus': 'Y', 'id': 1495762, 'taskType': 2, 'taskSource': 0, 'taskId': None, 'status': 1, 'pathStatus': 0, 'pnrStatus': 'confirm', 'msg': 'æˆåŠŸ', 'source': 2, 'carrier': 'MM', 'orderCode': 'CTR_73c6709e234c4dc291c2fd7fc1111bed', 'orderNo': '369391145', 'depCity': 'HND', 'arrCity': 'PVG', 'fromDate': '2019-01-30', 'retDate': None, 'flightNumber': 'MM011', 'tripType': 1, 'name': 'ZHOU/QIANG', 'email': '', 'accountType': '0', 'loginAccount': '', 'loginPassword': '', 'pnr': 'SDSGCE', 'price': 13690, 'baggagePrice': 0, 'cur': 'JPY', 'path': None, 'fromSegments': [{'segmentindex': 1, 'dep': 'HND', 'arr': 'PVG', 'depDate': '201904220245', 'arrDate': '201904220500', 'carrier': 'MM', 'flightNumber': 'MM899'}], 'retSegments': None, 'passengers': [{'name': 'ZHOU/QIANG', 'gender': 'M', 'birthday': '19890724', 'nationality': 'CN'}], 'baggages': [], 'updateTime': 1548691541000, 'createTime': 1548691211000}[0m
[32m[2019-01-31 13:18:23,713] [log.py:91] [log:__console] [INFO]- è·å–ä»»åŠ¡å¯¹åº”ä¿¡æ¯[0m
[32m[2019-01-31 13:18:23,715] [log.py:91] [log:__console] [INFO]- è·å–åˆ°æ€»ä»·æ ¼ï¼š470[0m
[32m[2019-01-31 13:18:23,715] [log.py:91] [log:__console] [INFO]- è·å–åˆ°æ”¯ä»˜è´§å¸çš„å¸ç§[0m
[32m[2019-01-31 13:18:23,744] [log.py:91] [log:__console] [INFO]- è®°å½•èˆªç­èµ·é£è½åœ°æ—¶é—´[0m
[32m[2019-01-31 13:18:23,747] [log.py:91] [log:__console] [INFO]- è·å–ä¹˜å®¢æ€§åˆ«ï¼Œå›½ç±ï¼Œç”Ÿæ—¥é”™è¯¯[0m
[32m[2019-01-31 13:18:23,748] [log.py:91] [log:__console] [INFO]- ä¿®æ”¹pnrçŠ¶æ€ä¸ºconfirm[0m
[32m[2019-01-31 13:18:23,750] [log.py:91] [log:__console] [INFO]- è·å–ä¹˜å®¢çš„è¡Œæä¿¡æ¯[0m
[32m[2019-01-31 13:18:23,751] [log.py:91] [log:__console] [INFO]- å›å¡«æ•°æ®ï¼š{'taskStatus': 'Y', 'id': 1503234, 'taskType': 2, 'taskSource': 0, 'taskId': None, 'status': 1, 'pathStatus': 0, 'pnrStatus': 'confirm', 'msg': 'æˆåŠŸ', 'source': 2, 'carrier': 'MM', 'orderCode': 'CTR_54ac76e13c3840419f89a2eda4d7d9b1', 'orderNo': '379751305', 'depCity': 'HKG', 'arrCity': 'KIX', 'fromDate': '2019-02-01', 'retDate': None, 'flightNumber': 'MM063', 'tripType': 1, 'name': 'HUANG/WEILIANG', 'email': '', 'accountType': '0', 'loginAccount': '', 'loginPassword': '', 'pnr': 'Z4XCP8', 'price': 470, 'baggagePrice': 0, 'cur': 'HKD', 'path': None, 'fromSegments': [{'segmentindex': 1, 'dep': 'HKG', 'arr': 'KIX', 'depDate': '201902171235', 'arrDate': '201902171700', 'carrier': 'MM', 'flightNumber': 'MM064'}], 'retSegments': None, 'passengers': [{'name': 'HUANG/WEILIANG', 'gender': 'M', 'birthday': '19951127', 'nationality': 'CN'}], 'baggages': [], 'updateTime': 1548865688000, 'createTime': 1548864019000}[0m
[32m[2019-01-31 13:24:38,969] [log.py:91] [log:__console] [INFO]- è·å–ä»»åŠ¡å¯¹åº”ä¿¡æ¯[0m
[32m[2019-01-31 13:24:38,977] [log.py:91] [log:__console] [INFO]- è·å–åˆ°æ€»ä»·æ ¼ï¼š6060[0m
[32m[2019-01-31 13:24:38,978] [log.py:91] [log:__console] [INFO]- è·å–åˆ°æ”¯ä»˜è´§å¸çš„å¸ç§[0m
[32m[2019-01-31 13:24:39,003] [log.py:91] [log:__console] [INFO]- è®°å½•èˆªç­èµ·é£è½åœ°æ—¶é—´[0m
[32m[2019-01-31 13:24:39,008] [log.py:91] [log:__console] [INFO]- è·å–ä¹˜å®¢æ€§åˆ«ï¼Œå›½ç±ï¼Œç”Ÿæ—¥é”™è¯¯[0m
[32m[2019-01-31 13:24:39,008] [log.py:91] [log:__console] [INFO]- ä¿®æ”¹pnrçŠ¶æ€ä¸ºconfirm[0m
[32m[2019-01-31 13:24:39,011] [log.py:91] [log:__console] [INFO]- è·å–ä¹˜å®¢çš„è¡Œæä¿¡æ¯[0m
[32m[2019-01-31 13:24:39,011] [log.py:91] [log:__console] [INFO]- å›å¡«æ•°æ®ï¼š{'taskStatus': 'Y', 'id': 1503234, 'taskType': 2, 'taskSource': 0, 'taskId': None, 'status': 1, 'pathStatus': 0, 'pnrStatus': 'confirm', 'msg': 'æˆåŠŸ', 'source': 2, 'carrier': 'MM', 'orderCode': 'CTR_54ac76e13c3840419f89a2eda4d7d9b1', 'orderNo': '379751305', 'depCity': 'CTS', 'arrCity': 'KIX', 'fromDate': '2019-02-01', 'retDate': None, 'flightNumber': 'MM063', 'tripType': 1, 'name': 'NGUYEN/THITRANG', 'email': '', 'accountType': '0', 'loginAccount': '', 'loginPassword': '', 'pnr': 'ASABQH', 'price': 6060, 'baggagePrice': 0, 'cur': 'JPY', 'path': None, 'fromSegments': [{'segmentindex': 1, 'dep': 'CTS', 'arr': 'KIX', 'depDate': '201904081110', 'arrDate': '201904081320', 'carrier': 'MM', 'flightNumber': 'MM104'}], 'retSegments': None, 'passengers': [{'name': 'NGUYEN/THITRANG', 'gender': 'F', 'birthday': '19960902', 'nationality': 'VN'}], 'baggages': [], 'updateTime': 1548865688000, 'createTime': 1548864019000}[0m
[32m[2019-01-31 13:33:50,769] [log.py:91] [log:__console] [INFO]- è·å–ä»»åŠ¡å¯¹åº”ä¿¡æ¯[0m
[32m[2019-01-31 13:33:50,771] [log.py:91] [log:__console] [INFO]- è·å–åˆ°æ€»ä»·æ ¼ï¼š6060[0m
[32m[2019-01-31 13:33:50,772] [log.py:91] [log:__console] [INFO]- è·å–åˆ°æ”¯ä»˜è´§å¸çš„å¸ç§[0m
[32m[2019-01-31 13:33:50,803] [log.py:91] [log:__console] [INFO]- è®°å½•èˆªç­èµ·é£è½åœ°æ—¶é—´[0m
[32m[2019-01-31 13:33:50,808] [log.py:91] [log:__console] [INFO]- è·å–ä¹˜å®¢æ€§åˆ«ï¼Œå›½ç±ï¼Œç”Ÿæ—¥é”™è¯¯[0m
[32m[2019-01-31 13:33:50,808] [log.py:91] [log:__console] [INFO]- ä¿®æ”¹pnrçŠ¶æ€ä¸ºconfirm[0m
[32m[2019-01-31 13:33:50,810] [log.py:91] [log:__console] [INFO]- è·å–ä¹˜å®¢çš„è¡Œæä¿¡æ¯[0m
[32m[2019-01-31 13:33:50,811] [log.py:91] [log:__console] [INFO]- å›å¡«æ•°æ®ï¼š{'taskStatus': 'Y', 'id': 1503234, 'taskType': 2, 'taskSource': 0, 'taskId': None, 'status': 1, 'pathStatus': 0, 'pnrStatus': 'confirm', 'msg': 'æˆåŠŸ', 'source': 2, 'carrier': 'MM', 'orderCode': 'CTR_54ac76e13c3840419f89a2eda4d7d9b1', 'orderNo': '379751305', 'depCity': 'CTS', 'arrCity': 'KIX', 'fromDate': '2019-02-01', 'retDate': None, 'flightNumber': 'MM063', 'tripType': 1, 'name': 'NGUYEN/THITRANG', 'email': '', 'accountType': '0', 'loginAccount': '', 'loginPassword': '', 'pnr': 'ASABQH', 'price': 6060, 'baggagePrice': 0, 'cur': 'JPY', 'path': None, 'fromSegments': [{'segmentindex': 1, 'dep': 'CTS', 'arr': 'KIX', 'depDate': '201904081110', 'arrDate': '201904081320', 'carrier': 'MM', 'flightNumber': 'MM104'}], 'retSegments': None, 'passengers': [{'name': 'NGUYEN/THITRANG', 'gender': 'F', 'birthday': '19960902', 'nationality': 'VN'}], 'baggages': [], 'updateTime': 1548865688000, 'createTime': 1548864019000}[0m
[32m[2019-01-31 13:38:43,481] [log.py:91] [log:__console] [INFO]- è·å–ä»»åŠ¡å¯¹åº”ä¿¡æ¯[0m
[32m[2019-01-31 13:38:43,482] [log.py:91] [log:__console] [INFO]- è·å–åˆ°æ€»ä»·æ ¼ï¼š29720[0m
[32m[2019-01-31 13:38:43,483] [log.py:91] [log:__console] [INFO]- è·å–åˆ°æ”¯ä»˜è´§å¸çš„å¸ç§[0m
[32m[2019-01-31 13:38:43,514] [log.py:91] [log:__console] [INFO]- è®°å½•èˆªç­èµ·é£è½åœ°æ—¶é—´[0m
[32m[2019-01-31 13:38:43,519] [log.py:91] [log:__console] [INFO]- ä¿®æ”¹pnrçŠ¶æ€ä¸ºconfirm[0m
[32m[2019-01-31 13:38:43,523] [log.py:91] [log:__console] [INFO]- è·å–ä¹˜å®¢çš„è¡Œæä¿¡æ¯[0m
[32m[2019-01-31 13:38:43,523] [log.py:91] [log:__console] [INFO]- å›å¡«æ•°æ®ï¼š{'taskStatus': 'Y', 'id': 1495763, 'taskType': 2, 'taskSource': 0, 'taskId': None, 'status': 1, 'pathStatus': 0, 'pnrStatus': 'confirm', 'msg': 'æˆåŠŸ', 'source': 2, 'carrier': 'MM', 'orderCode': 'CTR_e4404a2cc1ce4d66a33290144842b3aa', 'orderNo': '369397913', 'depCity': 'KIX', 'arrCity': 'HKG', 'fromDate': '2019-01-30', 'retDate': None, 'flightNumber': 'MM067', 'tripType': 1, 'name': 'LIN/YAOBIN', 'email': '', 'accountType': '0', 'loginAccount': '', 'loginPassword': '', 'pnr': '5CAQG6', 'price': 29720, 'baggagePrice': 0, 'cur': 'JPY', 'path': None, 'fromSegments': [{'segmentindex': 1, 'dep': 'KIX', 'arr': 'HKG', 'depDate': '201904040850', 'arrDate': '201904041145', 'carrier': 'MM', 'flightNumber': 'MM063'}], 'retSegments': None, 'passengers': [{'name': 'ZHENG/LIFANG', 'gender': 'F', 'birthday': '19900725', 'nationality': 'CN'}, {'name': 'LIN/XIAOYIN', 'gender': 'F', 'birthday': '19900308', 'nationality': 'CN'}], 'baggages': [], 'updateTime': 1548691545000, 'createTime': 1548691211000}[0m
[32m[2019-01-31 13:58:57,037] [log.py:91] [log:__console] [INFO]- è·å–ä»»åŠ¡å¯¹åº”ä¿¡æ¯[0m
[32m[2019-01-31 13:58:57,050] [log.py:91] [log:__console] [INFO]- è·å–åˆ°æ€»ä»·æ ¼ï¼š20090[0m
[32m[2019-01-31 13:58:57,050] [log.py:91] [log:__console] [INFO]- è·å–åˆ°æ”¯ä»˜è´§å¸çš„å¸ç§[0m
[32m[2019-01-31 13:58:57,075] [log.py:91] [log:__console] [INFO]- è®°å½•èˆªç­èµ·é£è½åœ°æ—¶é—´[0m
[32m[2019-01-31 13:58:57,079] [log.py:91] [log:__console] [INFO]- ä¿®æ”¹pnrçŠ¶æ€ä¸ºconfirm[0m
[32m[2019-01-31 13:58:57,083] [log.py:91] [log:__console] [INFO]- è·å–ä¹˜å®¢çš„è¡Œæä¿¡æ¯[0m
[32m[2019-01-31 13:58:57,084] [log.py:91] [log:__console] [INFO]- å›å¡«æ•°æ®ï¼š{'taskStatus': 'Y', 'id': 1505033, 'taskType': 1, 'taskSource': 1, 'taskId': 69558, 'status': 1, 'pathStatus': 0, 'pnrStatus': 'confirm', 'msg': 'æˆåŠŸ', 'source': 2, 'carrier': 'MM', 'orderCode': 'CTR_3683d650ba554bf3a5aa5f7c75489ecd', 'orderNo': '392322867', 'depCity': 'HND', 'arrCity': 'PVG', 'fromDate': '2019-02-04', 'retDate': None, 'flightNumber': 'MM899', 'tripType': 1, 'name': 'KANG/JIAN', 'email': 'letaohangkong@163.com', 'accountType': '0', 'loginAccount': None, 'loginPassword': None, 'pnr': 'GA2Q5C', 'price': 20090, 'baggagePrice': 0, 'cur': 'JPY', 'path': None, 'fromSegments': [{'segmentindex': 1, 'dep': 'HND', 'arr': 'PVG', 'depDate': '201902040210', 'arrDate': '201902040500', 'carrier': 'MM', 'flightNumber': 'MM899'}], 'retSegments': None, 'passengers': [{'name': 'KANG/JIAN', 'gender': 'M', 'birthday': '19590502', 'nationality': 'CN'}], 'baggages': [], 'updateTime': 1548914014000, 'createTime': 1548914014000}[0m
[32m[2019-01-31 14:09:37,300] [log.py:91] [log:__console] [INFO]- è·å–ä»»åŠ¡å¯¹åº”ä¿¡æ¯[0m
[32m[2019-01-31 14:09:37,307] [log.py:91] [log:__console] [INFO]- è·å–åˆ°æ€»ä»·æ ¼ï¼š20090[0m
[32m[2019-01-31 14:09:37,308] [log.py:91] [log:__console] [INFO]- è·å–åˆ°æ”¯ä»˜è´§å¸çš„å¸ç§[0m
[32m[2019-01-31 14:09:37,334] [log.py:91] [log:__console] [INFO]- è®°å½•èˆªç­èµ·é£è½åœ°æ—¶é—´[0m
[32m[2019-01-31 14:09:37,338] [log.py:91] [log:__console] [INFO]- ä¿®æ”¹pnrçŠ¶æ€ä¸ºconfirm[0m
[32m[2019-01-31 14:09:37,341] [log.py:91] [log:__console] [INFO]- è·å–ä¹˜å®¢çš„è¡Œæä¿¡æ¯[0m
[32m[2019-01-31 14:09:37,341] [log.py:91] [log:__console] [INFO]- å›å¡«æ•°æ®ï¼š{'taskStatus': 'Y', 'id': 1505033, 'taskType': 1, 'taskSource': 1, 'taskId': 69558, 'status': 1, 'pathStatus': 0, 'pnrStatus': 'confirm', 'msg': 'æˆåŠŸ', 'source': 2, 'carrier': 'MM', 'orderCode': 'CTR_3683d650ba554bf3a5aa5f7c75489ecd', 'orderNo': '392322867', 'depCity': 'HND', 'arrCity': 'PVG', 'fromDate': '2019-02-04', 'retDate': None, 'flightNumber': 'MM899', 'tripType': 1, 'name': 'KANG/JIAN', 'email': 'letaohangkong@163.com', 'accountType': '0', 'loginAccount': None, 'loginPassword': None, 'pnr': 'GA2Q5C', 'price': 20090, 'baggagePrice': 0, 'cur': 'JPY', 'path': None, 'fromSegments': [{'segmentindex': 1, 'dep': 'HND', 'arr': 'PVG', 'depDate': '201902040210', 'arrDate': '201902040500', 'carrier': 'MM', 'flightNumber': 'MM899'}], 'retSegments': None, 'passengers': [{'name': 'KANG/JIAN', 'gender': 'M', 'birthday': '19590502', 'nationality': 'CN'}], 'baggages': [], 'updateTime': 1548914014000, 'createTime': 1548914014000}[0m
[32m[2019-01-31 15:27:39,524] [log.py:91] [log:__console] [INFO]- è·å–ä»»åŠ¡å¯¹åº”ä¿¡æ¯[0m
[32m[2019-01-31 15:27:39,537] [log.py:91] [log:__console] [INFO]- è·å–åˆ°æ€»ä»·æ ¼ï¼š20090[0m
[32m[2019-01-31 15:27:39,537] [log.py:91] [log:__console] [INFO]- è·å–åˆ°æ”¯ä»˜è´§å¸çš„å¸ç§[0m
[32m[2019-01-31 15:27:39,563] [log.py:91] [log:__console] [INFO]- è®°å½•èˆªç­èµ·é£è½åœ°æ—¶é—´[0m
[32m[2019-01-31 15:27:39,567] [log.py:91] [log:__console] [INFO]- ä¿®æ”¹pnrçŠ¶æ€ä¸ºconfirm[0m
[32m[2019-01-31 15:27:39,569] [log.py:91] [log:__console] [INFO]- è·å–ä¹˜å®¢çš„è¡Œæä¿¡æ¯[0m
[32m[2019-01-31 15:27:39,570] [log.py:91] [log:__console] [INFO]- å›å¡«æ•°æ®ï¼š{'taskStatus': 'Y', 'id': 1504335, 'taskType': 2, 'taskSource': 1, 'taskId': 61612, 'status': 1, 'pathStatus': 0, 'pnrStatus': 'confirm', 'msg': 'æˆåŠŸ', 'source': 2, 'carrier': 'MM', 'orderCode': 'CTR_93a714eddbea4e35962cfbbe248d50da', 'orderNo': '390036734', 'depCity': 'HND', 'arrCity': 'PVG', 'fromDate': '2019-02-01', 'retDate': None, 'flightNumber': 'MM068', 'tripType': 1, 'name': 'KANG/JIAN', 'email': 'letaohangkong@163.com', 'accountType': '0', 'loginAccount': None, 'loginPassword': None, 'pnr': 'GA2Q5C', 'price': 20090, 'baggagePrice': 0, 'cur': 'JPY', 'path': None, 'fromSegments': [{'segmentindex': 1, 'dep': 'HND', 'arr': 'PVG', 'depDate': '201902040210', 'arrDate': '201902040500', 'carrier': 'MM', 'flightNumber': 'MM899'}], 'retSegments': None, 'passengers': [{'name': 'KANG/JIAN', 'gender': 'M', 'birthday': '19590502', 'nationality': 'CN'}], 'baggages': [], 'updateTime': 1548868364000, 'createTime': 1548868035000}[0m
[32m[2019-01-31 15:39:06,071] [log.py:91] [log:__console] [INFO]- æ‰¾ä¸åˆ°è®¢å•[0m
[31m[2019-01-31 15:39:06,074] [log.py:97] [log:__console] [ERROR]- è·å–æ€»ä»·æ ¼å¤±è´¥ï¼Œé”™è¯¯ä¿¡æ¯ä¸º'NoneType' object has no attribute 'group'[0m
[32m[2019-01-31 15:39:06,075] [log.py:91] [log:__console] [INFO]- è·å–åˆ°æ”¯ä»˜è´§å¸çš„å¸ç§[0m
[31m[2019-01-31 15:39:06,077] [log.py:97] [log:__console] [ERROR]- è·å–èˆªç­è¯¦ç»†ä¿¡æ¯å¤±è´¥ï¼Œé”™è¯¯ä¿¡æ¯æ˜¯ï¼šlist index out of range[0m
[31m[2019-01-31 15:39:06,078] [log.py:97] [log:__console] [ERROR]- ä¿®æ”¹pnrStatuså¤±è´¥[0m
[32m[2019-01-31 15:39:06,080] [log.py:91] [log:__console] [INFO]- è·å–ä¹˜å®¢çš„è¡Œæä¿¡æ¯[0m
[32m[2019-01-31 15:39:06,080] [log.py:91] [log:__console] [INFO]- å›å¡«æ•°æ®ï¼š{'taskStatus': 'N', 'id': 1504335, 'taskType': 2, 'taskSource': 1, 'taskId': 61612, 'status': 1, 'pathStatus': 0, 'pnrStatus': '', 'msg': 'è·å–ä¿¡æ¯å¤±è´¥', 'source': 2, 'carrier': 'MM', 'orderCode': 'CTR_93a714eddbea4e35962cfbbe248d50da', 'orderNo': '390036734', 'depCity': 'HKG', 'arrCity': 'KIX', 'fromDate': '2019-02-01', 'retDate': None, 'flightNumber': 'MM068', 'tripType': 1, 'name': 'KANG/JIAN', 'email': 'letaohangkong@163.com', 'accountType': '0', 'loginAccount': None, 'loginPassword': None, 'pnr': 'GA2Q5C', 'price': 0.0, 'baggagePrice': 0, 'cur': 'CNY', 'path': None, 'fromSegments': None, 'retSegments': None, 'passengers': [], 'baggages': [], 'updateTime': 1548868364000, 'createTime': 1548868035000}[0m
[32m[2019-01-31 15:42:03,490] [log.py:91] [log:__console] [INFO]- è·å–ä»»åŠ¡å¯¹åº”ä¿¡æ¯[0m
[32m[2019-01-31 15:42:03,499] [log.py:91] [log:__console] [INFO]- è·å–åˆ°æ€»ä»·æ ¼ï¼š20090[0m
[32m[2019-01-31 15:42:03,500] [log.py:91] [log:__console] [INFO]- è·å–åˆ°æ”¯ä»˜è´§å¸çš„å¸ç§[0m
[32m[2019-01-31 15:42:03,530] [log.py:91] [log:__console] [INFO]- è®°å½•èˆªç­èµ·é£è½åœ°æ—¶é—´[0m
[32m[2019-01-31 15:42:03,535] [log.py:91] [log:__console] [INFO]- ä¿®æ”¹pnrçŠ¶æ€ä¸ºconfirm[0m
[32m[2019-01-31 15:42:03,538] [log.py:91] [log:__console] [INFO]- è·å–ä¹˜å®¢çš„è¡Œæä¿¡æ¯[0m
[32m[2019-01-31 15:42:03,538] [log.py:91] [log:__console] [INFO]- å›å¡«æ•°æ®ï¼š{'taskStatus': 'Y', 'id': 1504335, 'taskType': 2, 'taskSource': 1, 'taskId': 61612, 'status': 1, 'pathStatus': 0, 'pnrStatus': 'confirm', 'msg': 'æˆåŠŸ', 'source': 2, 'carrier': 'MM', 'orderCode': 'CTR_93a714eddbea4e35962cfbbe248d50da', 'orderNo': '390036734', 'depCity': 'HND', 'arrCity': 'PVG', 'fromDate': '2019-02-01', 'retDate': None, 'flightNumber': 'MM068', 'tripType': 1, 'name': 'KANG/JIAN', 'email': 'letaohangkong@163.com', 'accountType': '0', 'loginAccount': None, 'loginPassword': None, 'pnr': 'GA2Q5C', 'price': 20090, 'baggagePrice': 0, 'cur': 'JPY', 'path': None, 'fromSegments': [{'segmentindex': 1, 'dep': 'HND', 'arr': 'PVG', 'depDate': '201902040210', 'arrDate': '201902040500', 'carrier': 'MM', 'flightNumber': 'MM899'}], 'retSegments': None, 'passengers': [{'name': 'KANG/JIAN', 'gender': 'M', 'birthday': '19590502', 'nationality': 'CN'}], 'baggages': [], 'updateTime': 1548868364000, 'createTime': 1548868035000}[0m
